[0.117s] DEBUG:colcon:Command line arguments: ['/usr/bin/colcon', 'build']
[0.118s] DEBUG:colcon:Parsed command line arguments: Namespace(log_base=None, log_level=None, verb_name='build', build_base='build', install_base='install', merge_install=False, symlink_install=False, test_result_base=None, continue_on_error=False, executor='parallel', parallel_workers=24, event_handlers=None, ignore_user_meta=False, metas=['./colcon.meta'], base_paths=['.'], packages_ignore=None, packages_ignore_regex=None, paths=None, packages_up_to=None, packages_up_to_regex=None, packages_above=None, packages_above_and_dependencies=None, packages_above_depth=None, packages_select_by_dep=None, packages_skip_by_dep=None, packages_skip_up_to=None, packages_select_build_failed=False, packages_skip_build_finished=False, packages_select_test_failures=False, packages_skip_test_passed=False, packages_select=None, packages_skip=None, packages_select_regex=None, packages_skip_regex=None, packages_start=None, packages_end=None, allow_overriding=[], cmake_args=None, cmake_target=None, cmake_target_skip_unavailable=False, cmake_clean_cache=False, cmake_clean_first=False, cmake_force_configure=False, ament_cmake_args=None, catkin_cmake_args=None, catkin_skip_building_tests=False, verb_parser=<colcon_defaults.argument_parser.defaults.DefaultArgumentsDecorator object at 0x7a5d4d321150>, verb_extension=<colcon_core.verb.build.BuildVerb object at 0x7a5d4d452620>, main=<bound method BuildVerb.main of <colcon_core.verb.build.BuildVerb object at 0x7a5d4d452620>>)
[0.307s] Level 1:colcon.colcon_core.package_discovery:discover_packages(colcon_meta) check parameters
[0.307s] Level 1:colcon.colcon_core.package_discovery:discover_packages(recursive) check parameters
[0.308s] Level 1:colcon.colcon_core.package_discovery:discover_packages(ignore) check parameters
[0.308s] Level 1:colcon.colcon_core.package_discovery:discover_packages(path) check parameters
[0.308s] Level 1:colcon.colcon_core.package_discovery:discover_packages(colcon_meta) discover
[0.308s] Level 1:colcon.colcon_core.package_discovery:discover_packages(recursive) discover
[0.308s] INFO:colcon.colcon_core.package_discovery:Crawling recursively for packages in '/home/forsaken/Documents/hanwha_hcr5/hanwha_hcr5'
[0.308s] Level 1:colcon.colcon_core.package_identification:_identify(.) by extensions ['ignore', 'ignore_ament_install']
[0.308s] Level 1:colcon.colcon_core.package_identification:_identify(.) by extension 'ignore'
[0.308s] Level 1:colcon.colcon_core.package_identification:_identify(.) by extension 'ignore_ament_install'
[0.308s] Level 1:colcon.colcon_core.package_identification:_identify(.) by extensions ['colcon_pkg']
[0.308s] Level 1:colcon.colcon_core.package_identification:_identify(.) by extension 'colcon_pkg'
[0.308s] Level 1:colcon.colcon_core.package_identification:_identify(.) by extensions ['colcon_meta']
[0.308s] Level 1:colcon.colcon_core.package_identification:_identify(.) by extension 'colcon_meta'
[0.308s] Level 1:colcon.colcon_core.package_identification:_identify(.) by extensions ['ros']
[0.308s] Level 1:colcon.colcon_core.package_identification:_identify(.) by extension 'ros'
[0.351s] Level 1:colcon.colcon_core.package_identification:_identify(.) by extensions ['cmake', 'python']
[0.351s] Level 1:colcon.colcon_core.package_identification:_identify(.) by extension 'cmake'
[0.352s] Level 1:colcon.colcon_core.package_identification:_identify(.) by extension 'python'
[0.352s] Level 1:colcon.colcon_core.package_identification:_identify(.) by extensions ['python_setup_py']
[0.352s] Level 1:colcon.colcon_core.package_identification:_identify(.) by extension 'python_setup_py'
[0.352s] Level 1:colcon.colcon_core.package_identification:_identify(build) by extensions ['ignore', 'ignore_ament_install']
[0.352s] Level 1:colcon.colcon_core.package_identification:_identify(build) by extension 'ignore'
[0.352s] Level 1:colcon.colcon_core.package_identification:_identify(build) ignored
[0.352s] Level 1:colcon.colcon_core.package_identification:_identify(install) by extensions ['ignore', 'ignore_ament_install']
[0.352s] Level 1:colcon.colcon_core.package_identification:_identify(install) by extension 'ignore'
[0.352s] Level 1:colcon.colcon_core.package_identification:_identify(install) ignored
[0.352s] Level 1:colcon.colcon_core.package_identification:_identify(log) by extensions ['ignore', 'ignore_ament_install']
[0.352s] Level 1:colcon.colcon_core.package_identification:_identify(log) by extension 'ignore'
[0.352s] Level 1:colcon.colcon_core.package_identification:_identify(log) ignored
[0.353s] Level 1:colcon.colcon_core.package_identification:_identify(src) by extensions ['ignore', 'ignore_ament_install']
[0.353s] Level 1:colcon.colcon_core.package_identification:_identify(src) by extension 'ignore'
[0.353s] Level 1:colcon.colcon_core.package_identification:_identify(src) by extension 'ignore_ament_install'
[0.353s] Level 1:colcon.colcon_core.package_identification:_identify(src) by extensions ['colcon_pkg']
[0.353s] Level 1:colcon.colcon_core.package_identification:_identify(src) by extension 'colcon_pkg'
[0.353s] Level 1:colcon.colcon_core.package_identification:_identify(src) by extensions ['colcon_meta']
[0.353s] Level 1:colcon.colcon_core.package_identification:_identify(src) by extension 'colcon_meta'
[0.353s] Level 1:colcon.colcon_core.package_identification:_identify(src) by extensions ['ros']
[0.353s] Level 1:colcon.colcon_core.package_identification:_identify(src) by extension 'ros'
[0.353s] Level 1:colcon.colcon_core.package_identification:_identify(src) by extensions ['cmake', 'python']
[0.353s] Level 1:colcon.colcon_core.package_identification:_identify(src) by extension 'cmake'
[0.353s] Level 1:colcon.colcon_core.package_identification:_identify(src) by extension 'python'
[0.353s] Level 1:colcon.colcon_core.package_identification:_identify(src) by extensions ['python_setup_py']
[0.353s] Level 1:colcon.colcon_core.package_identification:_identify(src) by extension 'python_setup_py'
[0.353s] Level 1:colcon.colcon_core.package_identification:_identify(src/hcr5_description) by extensions ['ignore', 'ignore_ament_install']
[0.353s] Level 1:colcon.colcon_core.package_identification:_identify(src/hcr5_description) by extension 'ignore'
[0.353s] Level 1:colcon.colcon_core.package_identification:_identify(src/hcr5_description) by extension 'ignore_ament_install'
[0.353s] Level 1:colcon.colcon_core.package_identification:_identify(src/hcr5_description) by extensions ['colcon_pkg']
[0.353s] Level 1:colcon.colcon_core.package_identification:_identify(src/hcr5_description) by extension 'colcon_pkg'
[0.354s] Level 1:colcon.colcon_core.package_identification:_identify(src/hcr5_description) by extensions ['colcon_meta']
[0.354s] Level 1:colcon.colcon_core.package_identification:_identify(src/hcr5_description) by extension 'colcon_meta'
[0.354s] Level 1:colcon.colcon_core.package_identification:_identify(src/hcr5_description) by extensions ['ros']
[0.354s] Level 1:colcon.colcon_core.package_identification:_identify(src/hcr5_description) by extension 'ros'
[0.358s] DEBUG:colcon.colcon_core.package_identification:Package 'src/hcr5_description' with type 'ros.ament_python' and name 'hcr5_description'
[0.358s] Level 1:colcon.colcon_core.package_identification:_identify(src/hcr5_moveit_config) by extensions ['ignore', 'ignore_ament_install']
[0.358s] Level 1:colcon.colcon_core.package_identification:_identify(src/hcr5_moveit_config) by extension 'ignore'
[0.358s] Level 1:colcon.colcon_core.package_identification:_identify(src/hcr5_moveit_config) by extension 'ignore_ament_install'
[0.358s] Level 1:colcon.colcon_core.package_identification:_identify(src/hcr5_moveit_config) by extensions ['colcon_pkg']
[0.358s] Level 1:colcon.colcon_core.package_identification:_identify(src/hcr5_moveit_config) by extension 'colcon_pkg'
[0.358s] Level 1:colcon.colcon_core.package_identification:_identify(src/hcr5_moveit_config) by extensions ['colcon_meta']
[0.358s] Level 1:colcon.colcon_core.package_identification:_identify(src/hcr5_moveit_config) by extension 'colcon_meta'
[0.358s] Level 1:colcon.colcon_core.package_identification:_identify(src/hcr5_moveit_config) by extensions ['ros']
[0.358s] Level 1:colcon.colcon_core.package_identification:_identify(src/hcr5_moveit_config) by extension 'ros'
[0.359s] DEBUG:colcon.colcon_core.package_identification:Package 'src/hcr5_moveit_config' with type 'ros.ament_cmake' and name 'hcr5_moveit_config'
[0.360s] Level 1:colcon.colcon_core.package_discovery:discover_packages(recursive) using defaults
[0.360s] Level 1:colcon.colcon_core.package_discovery:discover_packages(ignore) discover
[0.360s] Level 1:colcon.colcon_core.package_discovery:discover_packages(ignore) using defaults
[0.360s] Level 1:colcon.colcon_core.package_discovery:discover_packages(path) discover
[0.360s] Level 1:colcon.colcon_core.package_discovery:discover_packages(path) using defaults
[0.383s] Level 1:colcon.colcon_core.package_discovery:discover_packages(prefix_path) check parameters
[0.383s] Level 1:colcon.colcon_core.package_discovery:discover_packages(prefix_path) discover
[0.386s] DEBUG:colcon.colcon_installed_package_information.package_discovery:Found 403 installed packages in /opt/ros/humble
[0.389s] Level 1:colcon.colcon_core.package_discovery:discover_packages(prefix_path) using defaults
[0.442s] Level 5:colcon.colcon_core.verb:set package 'hcr5_description' build argument 'cmake_args' from command line to 'None'
[0.442s] Level 5:colcon.colcon_core.verb:set package 'hcr5_description' build argument 'cmake_target' from command line to 'None'
[0.442s] Level 5:colcon.colcon_core.verb:set package 'hcr5_description' build argument 'cmake_target_skip_unavailable' from command line to 'False'
[0.442s] Level 5:colcon.colcon_core.verb:set package 'hcr5_description' build argument 'cmake_clean_cache' from command line to 'False'
[0.442s] Level 5:colcon.colcon_core.verb:set package 'hcr5_description' build argument 'cmake_clean_first' from command line to 'False'
[0.442s] Level 5:colcon.colcon_core.verb:set package 'hcr5_description' build argument 'cmake_force_configure' from command line to 'False'
[0.442s] Level 5:colcon.colcon_core.verb:set package 'hcr5_description' build argument 'ament_cmake_args' from command line to 'None'
[0.442s] Level 5:colcon.colcon_core.verb:set package 'hcr5_description' build argument 'catkin_cmake_args' from command line to 'None'
[0.442s] Level 5:colcon.colcon_core.verb:set package 'hcr5_description' build argument 'catkin_skip_building_tests' from command line to 'False'
[0.442s] DEBUG:colcon.colcon_core.verb:Building package 'hcr5_description' with the following arguments: {'ament_cmake_args': None, 'build_base': '/home/forsaken/Documents/hanwha_hcr5/hanwha_hcr5/build/hcr5_description', 'catkin_cmake_args': None, 'catkin_skip_building_tests': False, 'cmake_args': None, 'cmake_clean_cache': False, 'cmake_clean_first': False, 'cmake_force_configure': False, 'cmake_target': None, 'cmake_target_skip_unavailable': False, 'install_base': '/home/forsaken/Documents/hanwha_hcr5/hanwha_hcr5/install/hcr5_description', 'merge_install': False, 'path': '/home/forsaken/Documents/hanwha_hcr5/hanwha_hcr5/src/hcr5_description', 'symlink_install': False, 'test_result_base': None}
[0.443s] Level 5:colcon.colcon_core.verb:set package 'hcr5_moveit_config' build argument 'cmake_args' from command line to 'None'
[0.443s] Level 5:colcon.colcon_core.verb:set package 'hcr5_moveit_config' build argument 'cmake_target' from command line to 'None'
[0.443s] Level 5:colcon.colcon_core.verb:set package 'hcr5_moveit_config' build argument 'cmake_target_skip_unavailable' from command line to 'False'
[0.443s] Level 5:colcon.colcon_core.verb:set package 'hcr5_moveit_config' build argument 'cmake_clean_cache' from command line to 'False'
[0.443s] Level 5:colcon.colcon_core.verb:set package 'hcr5_moveit_config' build argument 'cmake_clean_first' from command line to 'False'
[0.443s] Level 5:colcon.colcon_core.verb:set package 'hcr5_moveit_config' build argument 'cmake_force_configure' from command line to 'False'
[0.443s] Level 5:colcon.colcon_core.verb:set package 'hcr5_moveit_config' build argument 'ament_cmake_args' from command line to 'None'
[0.443s] Level 5:colcon.colcon_core.verb:set package 'hcr5_moveit_config' build argument 'catkin_cmake_args' from command line to 'None'
[0.443s] Level 5:colcon.colcon_core.verb:set package 'hcr5_moveit_config' build argument 'catkin_skip_building_tests' from command line to 'False'
[0.443s] DEBUG:colcon.colcon_core.verb:Building package 'hcr5_moveit_config' with the following arguments: {'ament_cmake_args': None, 'build_base': '/home/forsaken/Documents/hanwha_hcr5/hanwha_hcr5/build/hcr5_moveit_config', 'catkin_cmake_args': None, 'catkin_skip_building_tests': False, 'cmake_args': None, 'cmake_clean_cache': False, 'cmake_clean_first': False, 'cmake_force_configure': False, 'cmake_target': None, 'cmake_target_skip_unavailable': False, 'install_base': '/home/forsaken/Documents/hanwha_hcr5/hanwha_hcr5/install/hcr5_moveit_config', 'merge_install': False, 'path': '/home/forsaken/Documents/hanwha_hcr5/hanwha_hcr5/src/hcr5_moveit_config', 'symlink_install': False, 'test_result_base': None}
[0.443s] INFO:colcon.colcon_core.executor:Executing jobs using 'parallel' executor
[0.445s] DEBUG:colcon.colcon_parallel_executor.executor.parallel:run_until_complete
[0.445s] INFO:colcon.colcon_ros.task.ament_python.build:Building ROS package in '/home/forsaken/Documents/hanwha_hcr5/hanwha_hcr5/src/hcr5_description' with build type 'ament_python'
[0.445s] Level 1:colcon.colcon_core.shell:create_environment_hook('hcr5_description', 'ament_prefix_path')
[0.448s] INFO:colcon.colcon_core.plugin_system:Skipping extension 'colcon_core.shell.bat': Not used on non-Windows systems
[0.449s] INFO:colcon.colcon_core.shell:Creating environment hook '/home/forsaken/Documents/hanwha_hcr5/hanwha_hcr5/install/hcr5_description/share/hcr5_description/hook/ament_prefix_path.ps1'
[0.450s] INFO:colcon.colcon_core.shell:Creating environment descriptor '/home/forsaken/Documents/hanwha_hcr5/hanwha_hcr5/install/hcr5_description/share/hcr5_description/hook/ament_prefix_path.dsv'
[0.450s] INFO:colcon.colcon_core.shell:Creating environment hook '/home/forsaken/Documents/hanwha_hcr5/hanwha_hcr5/install/hcr5_description/share/hcr5_description/hook/ament_prefix_path.sh'
[0.451s] INFO:colcon.colcon_core.shell:Skip shell extension 'powershell' for command environment: Not usable outside of PowerShell
[0.451s] DEBUG:colcon.colcon_core.shell:Skip shell extension 'dsv' for command environment
[0.762s] INFO:colcon.colcon_core.task.python.build:Building Python package in '/home/forsaken/Documents/hanwha_hcr5/hanwha_hcr5/src/hcr5_description'
[0.762s] INFO:colcon.colcon_core.shell:Skip shell extension 'powershell' for command environment: Not usable outside of PowerShell
[0.762s] DEBUG:colcon.colcon_core.shell:Skip shell extension 'dsv' for command environment
[1.176s] DEBUG:colcon.colcon_core.event_handler.log_command:Invoking command in '/home/forsaken/Documents/hanwha_hcr5/hanwha_hcr5/src/hcr5_description': PYTHONPATH=/home/forsaken/Documents/hanwha_hcr5/hanwha_hcr5/build/hcr5_description/prefix_override:/usr/lib/python3/dist-packages/colcon_core/task/python/colcon_distutils_commands:/home/forsaken/Documents/hanwha_hcr5/hanwha_hcr5/install/hcr5_description/lib/python3.10/site-packages:${PYTHONPATH} /usr/bin/python3 -W ignore:setup.py install is deprecated -W ignore:easy_install command is deprecated setup.py egg_info --egg-base ../../build/hcr5_description build --build-base /home/forsaken/Documents/hanwha_hcr5/hanwha_hcr5/build/hcr5_description/build install --record /home/forsaken/Documents/hanwha_hcr5/hanwha_hcr5/build/hcr5_description/install.log --single-version-externally-managed install_data
[1.514s] DEBUG:colcon.colcon_core.event_handler.log_command:Invoked command in '/home/forsaken/Documents/hanwha_hcr5/hanwha_hcr5/src/hcr5_description' returned '0': PYTHONPATH=/home/forsaken/Documents/hanwha_hcr5/hanwha_hcr5/build/hcr5_description/prefix_override:/usr/lib/python3/dist-packages/colcon_core/task/python/colcon_distutils_commands:/home/forsaken/Documents/hanwha_hcr5/hanwha_hcr5/install/hcr5_description/lib/python3.10/site-packages:${PYTHONPATH} /usr/bin/python3 -W ignore:setup.py install is deprecated -W ignore:easy_install command is deprecated setup.py egg_info --egg-base ../../build/hcr5_description build --build-base /home/forsaken/Documents/hanwha_hcr5/hanwha_hcr5/build/hcr5_description/build install --record /home/forsaken/Documents/hanwha_hcr5/hanwha_hcr5/build/hcr5_description/install.log --single-version-externally-managed install_data
[1.517s] Level 1:colcon.colcon_core.environment:checking '/home/forsaken/Documents/hanwha_hcr5/hanwha_hcr5/install/hcr5_description' for CMake module files
[1.517s] Level 1:colcon.colcon_core.environment:checking '/home/forsaken/Documents/hanwha_hcr5/hanwha_hcr5/install/hcr5_description' for CMake config files
[1.518s] Level 1:colcon.colcon_core.environment:checking '/home/forsaken/Documents/hanwha_hcr5/hanwha_hcr5/install/hcr5_description/lib'
[1.519s] Level 1:colcon.colcon_core.environment:checking '/home/forsaken/Documents/hanwha_hcr5/hanwha_hcr5/install/hcr5_description/bin'
[1.519s] Level 1:colcon.colcon_core.environment:checking '/home/forsaken/Documents/hanwha_hcr5/hanwha_hcr5/install/hcr5_description/lib/pkgconfig/hcr5_description.pc'
[1.519s] Level 1:colcon.colcon_core.environment:checking '/home/forsaken/Documents/hanwha_hcr5/hanwha_hcr5/install/hcr5_description/lib/python3.10/site-packages'
[1.519s] Level 1:colcon.colcon_core.shell:create_environment_hook('hcr5_description', 'pythonpath')
[1.519s] INFO:colcon.colcon_core.shell:Creating environment hook '/home/forsaken/Documents/hanwha_hcr5/hanwha_hcr5/install/hcr5_description/share/hcr5_description/hook/pythonpath.ps1'
[1.520s] INFO:colcon.colcon_core.shell:Creating environment descriptor '/home/forsaken/Documents/hanwha_hcr5/hanwha_hcr5/install/hcr5_description/share/hcr5_description/hook/pythonpath.dsv'
[1.520s] INFO:colcon.colcon_core.shell:Creating environment hook '/home/forsaken/Documents/hanwha_hcr5/hanwha_hcr5/install/hcr5_description/share/hcr5_description/hook/pythonpath.sh'
[1.521s] Level 1:colcon.colcon_core.environment:checking '/home/forsaken/Documents/hanwha_hcr5/hanwha_hcr5/install/hcr5_description/bin'
[1.521s] Level 1:colcon.colcon_core.environment:create_environment_scripts_only(hcr5_description)
[1.522s] INFO:colcon.colcon_core.shell:Creating package script '/home/forsaken/Documents/hanwha_hcr5/hanwha_hcr5/install/hcr5_description/share/hcr5_description/package.ps1'
[1.522s] INFO:colcon.colcon_core.shell:Creating package descriptor '/home/forsaken/Documents/hanwha_hcr5/hanwha_hcr5/install/hcr5_description/share/hcr5_description/package.dsv'
[1.523s] INFO:colcon.colcon_core.shell:Creating package script '/home/forsaken/Documents/hanwha_hcr5/hanwha_hcr5/install/hcr5_description/share/hcr5_description/package.sh'
[1.524s] INFO:colcon.colcon_core.shell:Creating package script '/home/forsaken/Documents/hanwha_hcr5/hanwha_hcr5/install/hcr5_description/share/hcr5_description/package.bash'
[1.525s] INFO:colcon.colcon_core.shell:Creating package script '/home/forsaken/Documents/hanwha_hcr5/hanwha_hcr5/install/hcr5_description/share/hcr5_description/package.zsh'
[1.525s] Level 1:colcon.colcon_core.environment:create_file_with_runtime_dependencies(/home/forsaken/Documents/hanwha_hcr5/hanwha_hcr5/install/hcr5_description/share/colcon-core/packages/hcr5_description)
[1.526s] INFO:colcon.colcon_ros.task.ament_cmake.build:Building ROS package in '/home/forsaken/Documents/hanwha_hcr5/hanwha_hcr5/src/hcr5_moveit_config' with build type 'ament_cmake'
[1.526s] INFO:colcon.colcon_cmake.task.cmake.build:Building CMake package in '/home/forsaken/Documents/hanwha_hcr5/hanwha_hcr5/src/hcr5_moveit_config'
[1.526s] INFO:colcon.colcon_core.shell:Skip shell extension 'powershell' for command environment: Not usable outside of PowerShell
[1.526s] DEBUG:colcon.colcon_core.shell:Skip shell extension 'dsv' for command environment
[1.544s] DEBUG:colcon.colcon_core.event_handler.log_command:Invoking command in '/home/forsaken/Documents/hanwha_hcr5/hanwha_hcr5/build/hcr5_moveit_config': AMENT_PREFIX_PATH=/home/forsaken/Documents/hanwha_hcr5/hanwha_hcr5/install/hcr5_description:${AMENT_PREFIX_PATH} CMAKE_PREFIX_PATH=/opt/ros/humble PYTHONPATH=/home/forsaken/Documents/hanwha_hcr5/hanwha_hcr5/install/hcr5_description/lib/python3.10/site-packages:${PYTHONPATH} /usr/bin/cmake --build /home/forsaken/Documents/hanwha_hcr5/hanwha_hcr5/build/hcr5_moveit_config -- -j24 -l24
[1.608s] DEBUG:colcon.colcon_core.event_handler.log_command:Invoked command in '/home/forsaken/Documents/hanwha_hcr5/hanwha_hcr5/build/hcr5_moveit_config' returned '0': AMENT_PREFIX_PATH=/home/forsaken/Documents/hanwha_hcr5/hanwha_hcr5/install/hcr5_description:${AMENT_PREFIX_PATH} CMAKE_PREFIX_PATH=/opt/ros/humble PYTHONPATH=/home/forsaken/Documents/hanwha_hcr5/hanwha_hcr5/install/hcr5_description/lib/python3.10/site-packages:${PYTHONPATH} /usr/bin/cmake --build /home/forsaken/Documents/hanwha_hcr5/hanwha_hcr5/build/hcr5_moveit_config -- -j24 -l24
[1.621s] DEBUG:colcon.colcon_core.event_handler.log_command:Invoking command in '/home/forsaken/Documents/hanwha_hcr5/hanwha_hcr5/build/hcr5_moveit_config': AMENT_PREFIX_PATH=/home/forsaken/Documents/hanwha_hcr5/hanwha_hcr5/install/hcr5_description:${AMENT_PREFIX_PATH} CMAKE_PREFIX_PATH=/opt/ros/humble PYTHONPATH=/home/forsaken/Documents/hanwha_hcr5/hanwha_hcr5/install/hcr5_description/lib/python3.10/site-packages:${PYTHONPATH} /usr/bin/cmake --install /home/forsaken/Documents/hanwha_hcr5/hanwha_hcr5/build/hcr5_moveit_config
[1.649s] Level 1:colcon.colcon_core.environment:create_environment_scripts_only(hcr5_moveit_config)
[1.649s] Level 1:colcon.colcon_core.environment:checking '/home/forsaken/Documents/hanwha_hcr5/hanwha_hcr5/install/hcr5_moveit_config' for CMake module files
[1.650s] DEBUG:colcon.colcon_core.event_handler.log_command:Invoked command in '/home/forsaken/Documents/hanwha_hcr5/hanwha_hcr5/build/hcr5_moveit_config' returned '0': AMENT_PREFIX_PATH=/home/forsaken/Documents/hanwha_hcr5/hanwha_hcr5/install/hcr5_description:${AMENT_PREFIX_PATH} CMAKE_PREFIX_PATH=/opt/ros/humble PYTHONPATH=/home/forsaken/Documents/hanwha_hcr5/hanwha_hcr5/install/hcr5_description/lib/python3.10/site-packages:${PYTHONPATH} /usr/bin/cmake --install /home/forsaken/Documents/hanwha_hcr5/hanwha_hcr5/build/hcr5_moveit_config
[1.650s] Level 1:colcon.colcon_core.environment:checking '/home/forsaken/Documents/hanwha_hcr5/hanwha_hcr5/install/hcr5_moveit_config' for CMake config files
[1.651s] Level 1:colcon.colcon_core.shell:create_environment_hook('hcr5_moveit_config', 'cmake_prefix_path')
[1.651s] INFO:colcon.colcon_core.shell:Creating environment hook '/home/forsaken/Documents/hanwha_hcr5/hanwha_hcr5/install/hcr5_moveit_config/share/hcr5_moveit_config/hook/cmake_prefix_path.ps1'
[1.651s] INFO:colcon.colcon_core.shell:Creating environment descriptor '/home/forsaken/Documents/hanwha_hcr5/hanwha_hcr5/install/hcr5_moveit_config/share/hcr5_moveit_config/hook/cmake_prefix_path.dsv'
[1.652s] INFO:colcon.colcon_core.shell:Creating environment hook '/home/forsaken/Documents/hanwha_hcr5/hanwha_hcr5/install/hcr5_moveit_config/share/hcr5_moveit_config/hook/cmake_prefix_path.sh'
[1.652s] Level 1:colcon.colcon_core.environment:checking '/home/forsaken/Documents/hanwha_hcr5/hanwha_hcr5/install/hcr5_moveit_config/bin'
[1.653s] Level 1:colcon.colcon_core.environment:checking '/home/forsaken/Documents/hanwha_hcr5/hanwha_hcr5/install/hcr5_moveit_config/lib/pkgconfig/hcr5_moveit_config.pc'
[1.653s] Level 1:colcon.colcon_core.environment:checking '/home/forsaken/Documents/hanwha_hcr5/hanwha_hcr5/install/hcr5_moveit_config/lib/python3.10/site-packages'
[1.653s] Level 1:colcon.colcon_core.environment:checking '/home/forsaken/Documents/hanwha_hcr5/hanwha_hcr5/install/hcr5_moveit_config/bin'
[1.654s] INFO:colcon.colcon_core.shell:Creating package script '/home/forsaken/Documents/hanwha_hcr5/hanwha_hcr5/install/hcr5_moveit_config/share/hcr5_moveit_config/package.ps1'
[1.654s] INFO:colcon.colcon_core.shell:Creating package descriptor '/home/forsaken/Documents/hanwha_hcr5/hanwha_hcr5/install/hcr5_moveit_config/share/hcr5_moveit_config/package.dsv'
[1.655s] INFO:colcon.colcon_core.shell:Creating package script '/home/forsaken/Documents/hanwha_hcr5/hanwha_hcr5/install/hcr5_moveit_config/share/hcr5_moveit_config/package.sh'
[1.655s] INFO:colcon.colcon_core.shell:Creating package script '/home/forsaken/Documents/hanwha_hcr5/hanwha_hcr5/install/hcr5_moveit_config/share/hcr5_moveit_config/package.bash'
[1.655s] INFO:colcon.colcon_core.shell:Creating package script '/home/forsaken/Documents/hanwha_hcr5/hanwha_hcr5/install/hcr5_moveit_config/share/hcr5_moveit_config/package.zsh'
[1.656s] Level 1:colcon.colcon_core.environment:create_file_with_runtime_dependencies(/home/forsaken/Documents/hanwha_hcr5/hanwha_hcr5/install/hcr5_moveit_config/share/colcon-core/packages/hcr5_moveit_config)
[1.656s] Level 1:colcon.colcon_core.environment:create_environment_scripts_only(hcr5_moveit_config)
[1.656s] Level 1:colcon.colcon_core.environment:checking '/home/forsaken/Documents/hanwha_hcr5/hanwha_hcr5/install/hcr5_moveit_config' for CMake module files
[1.657s] Level 1:colcon.colcon_core.environment:checking '/home/forsaken/Documents/hanwha_hcr5/hanwha_hcr5/install/hcr5_moveit_config' for CMake config files
[1.657s] Level 1:colcon.colcon_core.shell:create_environment_hook('hcr5_moveit_config', 'cmake_prefix_path')
[1.658s] INFO:colcon.colcon_core.shell:Creating environment hook '/home/forsaken/Documents/hanwha_hcr5/hanwha_hcr5/install/hcr5_moveit_config/share/hcr5_moveit_config/hook/cmake_prefix_path.ps1'
[1.658s] INFO:colcon.colcon_core.shell:Creating environment descriptor '/home/forsaken/Documents/hanwha_hcr5/hanwha_hcr5/install/hcr5_moveit_config/share/hcr5_moveit_config/hook/cmake_prefix_path.dsv'
[1.658s] INFO:colcon.colcon_core.shell:Creating environment hook '/home/forsaken/Documents/hanwha_hcr5/hanwha_hcr5/install/hcr5_moveit_config/share/hcr5_moveit_config/hook/cmake_prefix_path.sh'
[1.659s] Level 1:colcon.colcon_core.environment:checking '/home/forsaken/Documents/hanwha_hcr5/hanwha_hcr5/install/hcr5_moveit_config/bin'
[1.659s] Level 1:colcon.colcon_core.environment:checking '/home/forsaken/Documents/hanwha_hcr5/hanwha_hcr5/install/hcr5_moveit_config/lib/pkgconfig/hcr5_moveit_config.pc'
[1.659s] Level 1:colcon.colcon_core.environment:checking '/home/forsaken/Documents/hanwha_hcr5/hanwha_hcr5/install/hcr5_moveit_config/lib/python3.10/site-packages'
[1.660s] Level 1:colcon.colcon_core.environment:checking '/home/forsaken/Documents/hanwha_hcr5/hanwha_hcr5/install/hcr5_moveit_config/bin'
[1.660s] INFO:colcon.colcon_core.shell:Creating package script '/home/forsaken/Documents/hanwha_hcr5/hanwha_hcr5/install/hcr5_moveit_config/share/hcr5_moveit_config/package.ps1'
[1.661s] INFO:colcon.colcon_core.shell:Creating package descriptor '/home/forsaken/Documents/hanwha_hcr5/hanwha_hcr5/install/hcr5_moveit_config/share/hcr5_moveit_config/package.dsv'
[1.661s] INFO:colcon.colcon_core.shell:Creating package script '/home/forsaken/Documents/hanwha_hcr5/hanwha_hcr5/install/hcr5_moveit_config/share/hcr5_moveit_config/package.sh'
[1.661s] INFO:colcon.colcon_core.shell:Creating package script '/home/forsaken/Documents/hanwha_hcr5/hanwha_hcr5/install/hcr5_moveit_config/share/hcr5_moveit_config/package.bash'
[1.662s] INFO:colcon.colcon_core.shell:Creating package script '/home/forsaken/Documents/hanwha_hcr5/hanwha_hcr5/install/hcr5_moveit_config/share/hcr5_moveit_config/package.zsh'
[1.662s] Level 1:colcon.colcon_core.environment:create_file_with_runtime_dependencies(/home/forsaken/Documents/hanwha_hcr5/hanwha_hcr5/install/hcr5_moveit_config/share/colcon-core/packages/hcr5_moveit_config)
[1.663s] DEBUG:colcon.colcon_parallel_executor.executor.parallel:closing loop
[1.663s] DEBUG:colcon.colcon_parallel_executor.executor.parallel:loop closed
[1.663s] DEBUG:colcon.colcon_parallel_executor.executor.parallel:run_until_complete finished with '0'
[1.663s] DEBUG:colcon.colcon_core.event_reactor:joining thread
[1.669s] INFO:colcon.colcon_core.plugin_system:Skipping extension 'colcon_notification.desktop_notification.terminal_notifier': Not used on non-Darwin systems
[1.669s] INFO:colcon.colcon_core.plugin_system:Skipping extension 'colcon_notification.desktop_notification.win32': Not used on non-Windows systems
[1.669s] INFO:colcon.colcon_notification.desktop_notification:Sending desktop notification using 'notify2'
[1.688s] DEBUG:colcon.colcon_core.event_reactor:joined thread
[1.688s] INFO:colcon.colcon_core.shell:Creating prefix script '/home/forsaken/Documents/hanwha_hcr5/hanwha_hcr5/install/local_setup.ps1'
[1.689s] INFO:colcon.colcon_core.shell:Creating prefix util module '/home/forsaken/Documents/hanwha_hcr5/hanwha_hcr5/install/_local_setup_util_ps1.py'
[1.691s] INFO:colcon.colcon_core.shell:Creating prefix chain script '/home/forsaken/Documents/hanwha_hcr5/hanwha_hcr5/install/setup.ps1'
[1.692s] INFO:colcon.colcon_core.shell:Creating prefix script '/home/forsaken/Documents/hanwha_hcr5/hanwha_hcr5/install/local_setup.sh'
[1.693s] INFO:colcon.colcon_core.shell:Creating prefix util module '/home/forsaken/Documents/hanwha_hcr5/hanwha_hcr5/install/_local_setup_util_sh.py'
[1.693s] INFO:colcon.colcon_core.shell:Creating prefix chain script '/home/forsaken/Documents/hanwha_hcr5/hanwha_hcr5/install/setup.sh'
[1.694s] INFO:colcon.colcon_core.shell:Creating prefix script '/home/forsaken/Documents/hanwha_hcr5/hanwha_hcr5/install/local_setup.bash'
[1.695s] INFO:colcon.colcon_core.shell:Creating prefix chain script '/home/forsaken/Documents/hanwha_hcr5/hanwha_hcr5/install/setup.bash'
[1.696s] INFO:colcon.colcon_core.shell:Creating prefix script '/home/forsaken/Documents/hanwha_hcr5/hanwha_hcr5/install/local_setup.zsh'
[1.696s] INFO:colcon.colcon_core.shell:Creating prefix chain script '/home/forsaken/Documents/hanwha_hcr5/hanwha_hcr5/install/setup.zsh'
