/home/forsaken/Documents/hanwha_hcr5/hanwha_hcr5/install/hcr5_description/lib/python3.10/site-packages/hcr5_description/__init__.py
/home/forsaken/Documents/hanwha_hcr5/hanwha_hcr5/install/hcr5_description/lib/python3.10/site-packages/hcr5_description/__pycache__/__init__.cpython-310.pyc
/home/forsaken/Documents/hanwha_hcr5/hanwha_hcr5/install/hcr5_description/share/ament_index/resource_index/packages/hcr5_description
/home/forsaken/Documents/hanwha_hcr5/hanwha_hcr5/install/hcr5_description/share/hcr5_description/package.xml
/home/forsaken/Documents/hanwha_hcr5/hanwha_hcr5/install/hcr5_description/share/hcr5_description/launch/gazebo.launch.py
/home/forsaken/Documents/hanwha_hcr5/hanwha_hcr5/install/hcr5_description/share/hcr5_description/launch/display.launch.py
/home/forsaken/Documents/hanwha_hcr5/hanwha_hcr5/install/hcr5_description/share/hcr5_description/urdf/hcr5.urdf
/home/forsaken/Documents/hanwha_hcr5/hanwha_hcr5/install/hcr5_description/share/hcr5_description/urdf/vacuum_gripper.xacro
/home/forsaken/Documents/hanwha_hcr5/hanwha_hcr5/install/hcr5_description/share/hcr5_description/urdf/materials.xacro
/home/forsaken/Documents/hanwha_hcr5/hanwha_hcr5/install/hcr5_description/share/hcr5_description/urdf/hcr5.xacro
/home/forsaken/Documents/hanwha_hcr5/hanwha_hcr5/install/hcr5_description/share/hcr5_description/urdf/hcr5.gazebo
/home/forsaken/Documents/hanwha_hcr5/hanwha_hcr5/install/hcr5_description/share/hcr5_description/meshes/link4_1.stl
/home/forsaken/Documents/hanwha_hcr5/hanwha_hcr5/install/hcr5_description/share/hcr5_description/meshes/link5_1.stl
/home/forsaken/Documents/hanwha_hcr5/hanwha_hcr5/install/hcr5_description/share/hcr5_description/meshes/base_link.stl
/home/forsaken/Documents/hanwha_hcr5/hanwha_hcr5/install/hcr5_description/share/hcr5_description/meshes/link2_1.stl
/home/forsaken/Documents/hanwha_hcr5/hanwha_hcr5/install/hcr5_description/share/hcr5_description/meshes/link1_1.stl
/home/forsaken/Documents/hanwha_hcr5/hanwha_hcr5/install/hcr5_description/share/hcr5_description/meshes/link3_1.stl
/home/forsaken/Documents/hanwha_hcr5/hanwha_hcr5/install/hcr5_description/share/hcr5_description/meshes/link6_1.stl
/home/forsaken/Documents/hanwha_hcr5/hanwha_hcr5/install/hcr5_description/share/hcr5_description/config/hcr5_controllers.yaml
/home/forsaken/Documents/hanwha_hcr5/hanwha_hcr5/install/hcr5_description/share/hcr5_description/rviz/hcr5.rviz
/home/forsaken/Documents/hanwha_hcr5/hanwha_hcr5/install/hcr5_description/share/hcr5_description/models/purple_cube.sdf
/home/forsaken/Documents/hanwha_hcr5/hanwha_hcr5/install/hcr5_description/share/hcr5_description/models/blue_cube.sdf
/home/forsaken/Documents/hanwha_hcr5/hanwha_hcr5/install/hcr5_description/lib/python3.10/site-packages/hcr5_description-0.0.0-py3.10.egg-info/PKG-INFO
/home/forsaken/Documents/hanwha_hcr5/hanwha_hcr5/install/hcr5_description/lib/python3.10/site-packages/hcr5_description-0.0.0-py3.10.egg-info/entry_points.txt
/home/forsaken/Documents/hanwha_hcr5/hanwha_hcr5/install/hcr5_description/lib/python3.10/site-packages/hcr5_description-0.0.0-py3.10.egg-info/requires.txt
/home/forsaken/Documents/hanwha_hcr5/hanwha_hcr5/install/hcr5_description/lib/python3.10/site-packages/hcr5_description-0.0.0-py3.10.egg-info/dependency_links.txt
/home/forsaken/Documents/hanwha_hcr5/hanwha_hcr5/install/hcr5_description/lib/python3.10/site-packages/hcr5_description-0.0.0-py3.10.egg-info/SOURCES.txt
/home/forsaken/Documents/hanwha_hcr5/hanwha_hcr5/install/hcr5_description/lib/python3.10/site-packages/hcr5_description-0.0.0-py3.10.egg-info/zip-safe
/home/forsaken/Documents/hanwha_hcr5/hanwha_hcr5/install/hcr5_description/lib/python3.10/site-packages/hcr5_description-0.0.0-py3.10.egg-info/top_level.txt
