[0.053s] DEBUG:colcon:Command line arguments: ['/usr/bin/colcon', 'build', '--symlink-install']
[0.053s] DEBUG:colcon:Parsed command line arguments: Namespace(log_base=None, log_level=None, verb_name='build', build_base='build', install_base='install', merge_install=False, symlink_install=True, test_result_base=None, continue_on_error=False, executor='parallel', parallel_workers=24, event_handlers=None, ignore_user_meta=False, metas=['./colcon.meta'], base_paths=['.'], packages_ignore=None, packages_ignore_regex=None, paths=None, packages_up_to=None, packages_up_to_regex=None, packages_above=None, packages_above_and_dependencies=None, packages_above_depth=None, packages_select_by_dep=None, packages_skip_by_dep=None, packages_skip_up_to=None, packages_select_build_failed=False, packages_skip_build_finished=False, packages_select_test_failures=False, packages_skip_test_passed=False, packages_select=None, packages_skip=None, packages_select_regex=None, packages_skip_regex=None, packages_start=None, packages_end=None, allow_overriding=[], cmake_args=None, cmake_target=None, cmake_target_skip_unavailable=False, cmake_clean_cache=False, cmake_clean_first=False, cmake_force_configure=False, ament_cmake_args=None, catkin_cmake_args=None, catkin_skip_building_tests=False, verb_parser=<colcon_defaults.argument_parser.defaults.DefaultArgumentsDecorator object at 0x722fa7714df0>, verb_extension=<colcon_core.verb.build.BuildVerb object at 0x722fa786e230>, main=<bound method BuildVerb.main of <colcon_core.verb.build.BuildVerb object at 0x722fa786e230>>)
[0.135s] Level 1:colcon.colcon_core.package_discovery:discover_packages(colcon_meta) check parameters
[0.135s] Level 1:colcon.colcon_core.package_discovery:discover_packages(recursive) check parameters
[0.135s] Level 1:colcon.colcon_core.package_discovery:discover_packages(ignore) check parameters
[0.135s] Level 1:colcon.colcon_core.package_discovery:discover_packages(path) check parameters
[0.135s] Level 1:colcon.colcon_core.package_discovery:discover_packages(colcon_meta) discover
[0.135s] Level 1:colcon.colcon_core.package_discovery:discover_packages(recursive) discover
[0.135s] INFO:colcon.colcon_core.package_discovery:Crawling recursively for packages in '/home/forsaken/Documents/hanwha_hcr5/hanwha_hcr5'
[0.135s] Level 1:colcon.colcon_core.package_identification:_identify(.) by extensions ['ignore', 'ignore_ament_install']
[0.135s] Level 1:colcon.colcon_core.package_identification:_identify(.) by extension 'ignore'
[0.135s] Level 1:colcon.colcon_core.package_identification:_identify(.) by extension 'ignore_ament_install'
[0.135s] Level 1:colcon.colcon_core.package_identification:_identify(.) by extensions ['colcon_pkg']
[0.135s] Level 1:colcon.colcon_core.package_identification:_identify(.) by extension 'colcon_pkg'
[0.135s] Level 1:colcon.colcon_core.package_identification:_identify(.) by extensions ['colcon_meta']
[0.135s] Level 1:colcon.colcon_core.package_identification:_identify(.) by extension 'colcon_meta'
[0.135s] Level 1:colcon.colcon_core.package_identification:_identify(.) by extensions ['ros']
[0.135s] Level 1:colcon.colcon_core.package_identification:_identify(.) by extension 'ros'
[0.154s] Level 1:colcon.colcon_core.package_identification:_identify(.) by extensions ['cmake', 'python']
[0.154s] Level 1:colcon.colcon_core.package_identification:_identify(.) by extension 'cmake'
[0.154s] Level 1:colcon.colcon_core.package_identification:_identify(.) by extension 'python'
[0.154s] Level 1:colcon.colcon_core.package_identification:_identify(.) by extensions ['python_setup_py']
[0.154s] Level 1:colcon.colcon_core.package_identification:_identify(.) by extension 'python_setup_py'
[0.155s] Level 1:colcon.colcon_core.package_identification:_identify(build) by extensions ['ignore', 'ignore_ament_install']
[0.155s] Level 1:colcon.colcon_core.package_identification:_identify(build) by extension 'ignore'
[0.155s] Level 1:colcon.colcon_core.package_identification:_identify(build) ignored
[0.155s] Level 1:colcon.colcon_core.package_identification:_identify(install) by extensions ['ignore', 'ignore_ament_install']
[0.155s] Level 1:colcon.colcon_core.package_identification:_identify(install) by extension 'ignore'
[0.155s] Level 1:colcon.colcon_core.package_identification:_identify(install) ignored
[0.155s] Level 1:colcon.colcon_core.package_identification:_identify(log) by extensions ['ignore', 'ignore_ament_install']
[0.155s] Level 1:colcon.colcon_core.package_identification:_identify(log) by extension 'ignore'
[0.155s] Level 1:colcon.colcon_core.package_identification:_identify(log) ignored
[0.155s] Level 1:colcon.colcon_core.package_identification:_identify(src) by extensions ['ignore', 'ignore_ament_install']
[0.155s] Level 1:colcon.colcon_core.package_identification:_identify(src) by extension 'ignore'
[0.155s] Level 1:colcon.colcon_core.package_identification:_identify(src) by extension 'ignore_ament_install'
[0.155s] Level 1:colcon.colcon_core.package_identification:_identify(src) by extensions ['colcon_pkg']
[0.155s] Level 1:colcon.colcon_core.package_identification:_identify(src) by extension 'colcon_pkg'
[0.155s] Level 1:colcon.colcon_core.package_identification:_identify(src) by extensions ['colcon_meta']
[0.155s] Level 1:colcon.colcon_core.package_identification:_identify(src) by extension 'colcon_meta'
[0.155s] Level 1:colcon.colcon_core.package_identification:_identify(src) by extensions ['ros']
[0.155s] Level 1:colcon.colcon_core.package_identification:_identify(src) by extension 'ros'
[0.155s] Level 1:colcon.colcon_core.package_identification:_identify(src) by extensions ['cmake', 'python']
[0.155s] Level 1:colcon.colcon_core.package_identification:_identify(src) by extension 'cmake'
[0.155s] Level 1:colcon.colcon_core.package_identification:_identify(src) by extension 'python'
[0.155s] Level 1:colcon.colcon_core.package_identification:_identify(src) by extensions ['python_setup_py']
[0.155s] Level 1:colcon.colcon_core.package_identification:_identify(src) by extension 'python_setup_py'
[0.155s] Level 1:colcon.colcon_core.package_identification:_identify(src/hcr5_description) by extensions ['ignore', 'ignore_ament_install']
[0.155s] Level 1:colcon.colcon_core.package_identification:_identify(src/hcr5_description) by extension 'ignore'
[0.155s] Level 1:colcon.colcon_core.package_identification:_identify(src/hcr5_description) by extension 'ignore_ament_install'
[0.155s] Level 1:colcon.colcon_core.package_identification:_identify(src/hcr5_description) by extensions ['colcon_pkg']
[0.155s] Level 1:colcon.colcon_core.package_identification:_identify(src/hcr5_description) by extension 'colcon_pkg'
[0.155s] Level 1:colcon.colcon_core.package_identification:_identify(src/hcr5_description) by extensions ['colcon_meta']
[0.155s] Level 1:colcon.colcon_core.package_identification:_identify(src/hcr5_description) by extension 'colcon_meta'
[0.155s] Level 1:colcon.colcon_core.package_identification:_identify(src/hcr5_description) by extensions ['ros']
[0.155s] Level 1:colcon.colcon_core.package_identification:_identify(src/hcr5_description) by extension 'ros'
[0.156s] DEBUG:colcon.colcon_core.package_identification:Package 'src/hcr5_description' with type 'ros.ament_python' and name 'hcr5_description'
[0.157s] Level 1:colcon.colcon_core.package_identification:_identify(src/hcr5_moveit_config) by extensions ['ignore', 'ignore_ament_install']
[0.157s] Level 1:colcon.colcon_core.package_identification:_identify(src/hcr5_moveit_config) by extension 'ignore'
[0.157s] Level 1:colcon.colcon_core.package_identification:_identify(src/hcr5_moveit_config) by extension 'ignore_ament_install'
[0.157s] Level 1:colcon.colcon_core.package_identification:_identify(src/hcr5_moveit_config) by extensions ['colcon_pkg']
[0.157s] Level 1:colcon.colcon_core.package_identification:_identify(src/hcr5_moveit_config) by extension 'colcon_pkg'
[0.157s] Level 1:colcon.colcon_core.package_identification:_identify(src/hcr5_moveit_config) by extensions ['colcon_meta']
[0.157s] Level 1:colcon.colcon_core.package_identification:_identify(src/hcr5_moveit_config) by extension 'colcon_meta'
[0.157s] Level 1:colcon.colcon_core.package_identification:_identify(src/hcr5_moveit_config) by extensions ['ros']
[0.157s] Level 1:colcon.colcon_core.package_identification:_identify(src/hcr5_moveit_config) by extension 'ros'
[0.157s] DEBUG:colcon.colcon_core.package_identification:Package 'src/hcr5_moveit_config' with type 'ros.ament_cmake' and name 'hcr5_moveit_config'
[0.157s] Level 1:colcon.colcon_core.package_discovery:discover_packages(recursive) using defaults
[0.157s] Level 1:colcon.colcon_core.package_discovery:discover_packages(ignore) discover
[0.157s] Level 1:colcon.colcon_core.package_discovery:discover_packages(ignore) using defaults
[0.157s] Level 1:colcon.colcon_core.package_discovery:discover_packages(path) discover
[0.157s] Level 1:colcon.colcon_core.package_discovery:discover_packages(path) using defaults
[0.167s] Level 1:colcon.colcon_core.package_discovery:discover_packages(prefix_path) check parameters
[0.167s] Level 1:colcon.colcon_core.package_discovery:discover_packages(prefix_path) discover
[0.169s] DEBUG:colcon.colcon_installed_package_information.package_discovery:Found 403 installed packages in /opt/ros/humble
[0.170s] Level 1:colcon.colcon_core.package_discovery:discover_packages(prefix_path) using defaults
[0.192s] Level 5:colcon.colcon_core.verb:set package 'hcr5_description' build argument 'cmake_args' from command line to 'None'
[0.192s] Level 5:colcon.colcon_core.verb:set package 'hcr5_description' build argument 'cmake_target' from command line to 'None'
[0.192s] Level 5:colcon.colcon_core.verb:set package 'hcr5_description' build argument 'cmake_target_skip_unavailable' from command line to 'False'
[0.192s] Level 5:colcon.colcon_core.verb:set package 'hcr5_description' build argument 'cmake_clean_cache' from command line to 'False'
[0.192s] Level 5:colcon.colcon_core.verb:set package 'hcr5_description' build argument 'cmake_clean_first' from command line to 'False'
[0.192s] Level 5:colcon.colcon_core.verb:set package 'hcr5_description' build argument 'cmake_force_configure' from command line to 'False'
[0.192s] Level 5:colcon.colcon_core.verb:set package 'hcr5_description' build argument 'ament_cmake_args' from command line to 'None'
[0.192s] Level 5:colcon.colcon_core.verb:set package 'hcr5_description' build argument 'catkin_cmake_args' from command line to 'None'
[0.192s] Level 5:colcon.colcon_core.verb:set package 'hcr5_description' build argument 'catkin_skip_building_tests' from command line to 'False'
[0.192s] DEBUG:colcon.colcon_core.verb:Building package 'hcr5_description' with the following arguments: {'ament_cmake_args': None, 'build_base': '/home/forsaken/Documents/hanwha_hcr5/hanwha_hcr5/build/hcr5_description', 'catkin_cmake_args': None, 'catkin_skip_building_tests': False, 'cmake_args': None, 'cmake_clean_cache': False, 'cmake_clean_first': False, 'cmake_force_configure': False, 'cmake_target': None, 'cmake_target_skip_unavailable': False, 'install_base': '/home/forsaken/Documents/hanwha_hcr5/hanwha_hcr5/install/hcr5_description', 'merge_install': False, 'path': '/home/forsaken/Documents/hanwha_hcr5/hanwha_hcr5/src/hcr5_description', 'symlink_install': True, 'test_result_base': None}
[0.193s] Level 5:colcon.colcon_core.verb:set package 'hcr5_moveit_config' build argument 'cmake_args' from command line to 'None'
[0.193s] Level 5:colcon.colcon_core.verb:set package 'hcr5_moveit_config' build argument 'cmake_target' from command line to 'None'
[0.193s] Level 5:colcon.colcon_core.verb:set package 'hcr5_moveit_config' build argument 'cmake_target_skip_unavailable' from command line to 'False'
[0.193s] Level 5:colcon.colcon_core.verb:set package 'hcr5_moveit_config' build argument 'cmake_clean_cache' from command line to 'False'
[0.193s] Level 5:colcon.colcon_core.verb:set package 'hcr5_moveit_config' build argument 'cmake_clean_first' from command line to 'False'
[0.193s] Level 5:colcon.colcon_core.verb:set package 'hcr5_moveit_config' build argument 'cmake_force_configure' from command line to 'False'
[0.193s] Level 5:colcon.colcon_core.verb:set package 'hcr5_moveit_config' build argument 'ament_cmake_args' from command line to 'None'
[0.193s] Level 5:colcon.colcon_core.verb:set package 'hcr5_moveit_config' build argument 'catkin_cmake_args' from command line to 'None'
[0.193s] Level 5:colcon.colcon_core.verb:set package 'hcr5_moveit_config' build argument 'catkin_skip_building_tests' from command line to 'False'
[0.193s] DEBUG:colcon.colcon_core.verb:Building package 'hcr5_moveit_config' with the following arguments: {'ament_cmake_args': None, 'build_base': '/home/forsaken/Documents/hanwha_hcr5/hanwha_hcr5/build/hcr5_moveit_config', 'catkin_cmake_args': None, 'catkin_skip_building_tests': False, 'cmake_args': None, 'cmake_clean_cache': False, 'cmake_clean_first': False, 'cmake_force_configure': False, 'cmake_target': None, 'cmake_target_skip_unavailable': False, 'install_base': '/home/forsaken/Documents/hanwha_hcr5/hanwha_hcr5/install/hcr5_moveit_config', 'merge_install': False, 'path': '/home/forsaken/Documents/hanwha_hcr5/hanwha_hcr5/src/hcr5_moveit_config', 'symlink_install': True, 'test_result_base': None}
[0.193s] INFO:colcon.colcon_core.executor:Executing jobs using 'parallel' executor
[0.193s] DEBUG:colcon.colcon_parallel_executor.executor.parallel:run_until_complete
[0.193s] INFO:colcon.colcon_ros.task.ament_python.build:Building ROS package in '/home/forsaken/Documents/hanwha_hcr5/hanwha_hcr5/src/hcr5_description' with build type 'ament_python'
[0.194s] Level 1:colcon.colcon_core.shell:create_environment_hook('hcr5_description', 'ament_prefix_path')
[0.195s] INFO:colcon.colcon_core.plugin_system:Skipping extension 'colcon_core.shell.bat': Not used on non-Windows systems
[0.195s] INFO:colcon.colcon_core.shell:Creating environment hook '/home/forsaken/Documents/hanwha_hcr5/hanwha_hcr5/install/hcr5_description/share/hcr5_description/hook/ament_prefix_path.ps1'
[0.195s] INFO:colcon.colcon_core.shell:Creating environment descriptor '/home/forsaken/Documents/hanwha_hcr5/hanwha_hcr5/install/hcr5_description/share/hcr5_description/hook/ament_prefix_path.dsv'
[0.195s] INFO:colcon.colcon_core.shell:Creating environment hook '/home/forsaken/Documents/hanwha_hcr5/hanwha_hcr5/install/hcr5_description/share/hcr5_description/hook/ament_prefix_path.sh'
[0.196s] INFO:colcon.colcon_core.shell:Skip shell extension 'powershell' for command environment: Not usable outside of PowerShell
[0.196s] DEBUG:colcon.colcon_core.shell:Skip shell extension 'dsv' for command environment
[0.321s] INFO:colcon.colcon_core.task.python.build:Building Python package in '/home/forsaken/Documents/hanwha_hcr5/hanwha_hcr5/src/hcr5_description'
[0.321s] INFO:colcon.colcon_core.shell:Skip shell extension 'powershell' for command environment: Not usable outside of PowerShell
[0.321s] DEBUG:colcon.colcon_core.shell:Skip shell extension 'dsv' for command environment
[0.497s] DEBUG:colcon.colcon_core.event_handler.log_command:Invoking command in '/home/forsaken/Documents/hanwha_hcr5/hanwha_hcr5/build/hcr5_description': PYTHONPATH=/home/forsaken/Documents/hanwha_hcr5/hanwha_hcr5/build/hcr5_description/prefix_override:/usr/lib/python3/dist-packages/colcon_core/task/python/colcon_distutils_commands:/home/forsaken/Documents/hanwha_hcr5/hanwha_hcr5/install/hcr5_description/lib/python3.10/site-packages:${PYTHONPATH} /usr/bin/python3 -W ignore:setup.py install is deprecated -W ignore:easy_install command is deprecated setup.py develop --editable --build-directory /home/forsaken/Documents/hanwha_hcr5/hanwha_hcr5/build/hcr5_description/build --no-deps symlink_data
[0.713s] Level 1:colcon.colcon_core.shell:create_environment_hook('hcr5_description', 'pythonpath_develop')
[0.713s] INFO:colcon.colcon_core.shell:Creating environment hook '/home/forsaken/Documents/hanwha_hcr5/hanwha_hcr5/build/hcr5_description/share/hcr5_description/hook/pythonpath_develop.ps1'
[0.713s] DEBUG:colcon.colcon_core.event_handler.log_command:Invoked command in '/home/forsaken/Documents/hanwha_hcr5/hanwha_hcr5/build/hcr5_description' returned '0': PYTHONPATH=/home/forsaken/Documents/hanwha_hcr5/hanwha_hcr5/build/hcr5_description/prefix_override:/usr/lib/python3/dist-packages/colcon_core/task/python/colcon_distutils_commands:/home/forsaken/Documents/hanwha_hcr5/hanwha_hcr5/install/hcr5_description/lib/python3.10/site-packages:${PYTHONPATH} /usr/bin/python3 -W ignore:setup.py install is deprecated -W ignore:easy_install command is deprecated setup.py develop --editable --build-directory /home/forsaken/Documents/hanwha_hcr5/hanwha_hcr5/build/hcr5_description/build --no-deps symlink_data
[0.714s] INFO:colcon.colcon_core.shell:Creating environment descriptor '/home/forsaken/Documents/hanwha_hcr5/hanwha_hcr5/build/hcr5_description/share/hcr5_description/hook/pythonpath_develop.dsv'
[0.714s] INFO:colcon.colcon_core.shell:Creating environment hook '/home/forsaken/Documents/hanwha_hcr5/hanwha_hcr5/build/hcr5_description/share/hcr5_description/hook/pythonpath_develop.sh'
[0.715s] Level 1:colcon.colcon_core.environment:checking '/home/forsaken/Documents/hanwha_hcr5/hanwha_hcr5/install/hcr5_description' for CMake module files
[0.715s] Level 1:colcon.colcon_core.environment:checking '/home/forsaken/Documents/hanwha_hcr5/hanwha_hcr5/install/hcr5_description' for CMake config files
[0.716s] Level 1:colcon.colcon_core.environment:checking '/home/forsaken/Documents/hanwha_hcr5/hanwha_hcr5/install/hcr5_description/lib'
[0.716s] Level 1:colcon.colcon_core.environment:checking '/home/forsaken/Documents/hanwha_hcr5/hanwha_hcr5/install/hcr5_description/bin'
[0.716s] Level 1:colcon.colcon_core.environment:checking '/home/forsaken/Documents/hanwha_hcr5/hanwha_hcr5/install/hcr5_description/lib/pkgconfig/hcr5_description.pc'
[0.716s] Level 1:colcon.colcon_core.environment:checking '/home/forsaken/Documents/hanwha_hcr5/hanwha_hcr5/install/hcr5_description/lib/python3.10/site-packages'
[0.716s] Level 1:colcon.colcon_core.shell:create_environment_hook('hcr5_description', 'pythonpath')
[0.716s] INFO:colcon.colcon_core.shell:Creating environment hook '/home/forsaken/Documents/hanwha_hcr5/hanwha_hcr5/install/hcr5_description/share/hcr5_description/hook/pythonpath.ps1'
[0.716s] INFO:colcon.colcon_core.shell:Creating environment descriptor '/home/forsaken/Documents/hanwha_hcr5/hanwha_hcr5/install/hcr5_description/share/hcr5_description/hook/pythonpath.dsv'
[0.716s] INFO:colcon.colcon_core.shell:Creating environment hook '/home/forsaken/Documents/hanwha_hcr5/hanwha_hcr5/install/hcr5_description/share/hcr5_description/hook/pythonpath.sh'
[0.717s] Level 1:colcon.colcon_core.environment:checking '/home/forsaken/Documents/hanwha_hcr5/hanwha_hcr5/install/hcr5_description/bin'
[0.717s] Level 1:colcon.colcon_core.environment:create_environment_scripts_only(hcr5_description)
[0.717s] INFO:colcon.colcon_core.shell:Creating package script '/home/forsaken/Documents/hanwha_hcr5/hanwha_hcr5/install/hcr5_description/share/hcr5_description/package.ps1'
[0.717s] INFO:colcon.colcon_core.shell:Creating package descriptor '/home/forsaken/Documents/hanwha_hcr5/hanwha_hcr5/install/hcr5_description/share/hcr5_description/package.dsv'
[0.717s] INFO:colcon.colcon_core.shell:Creating package script '/home/forsaken/Documents/hanwha_hcr5/hanwha_hcr5/install/hcr5_description/share/hcr5_description/package.sh'
[0.718s] INFO:colcon.colcon_core.shell:Creating package script '/home/forsaken/Documents/hanwha_hcr5/hanwha_hcr5/install/hcr5_description/share/hcr5_description/package.bash'
[0.718s] INFO:colcon.colcon_core.shell:Creating package script '/home/forsaken/Documents/hanwha_hcr5/hanwha_hcr5/install/hcr5_description/share/hcr5_description/package.zsh'
[0.718s] Level 1:colcon.colcon_core.environment:create_file_with_runtime_dependencies(/home/forsaken/Documents/hanwha_hcr5/hanwha_hcr5/install/hcr5_description/share/colcon-core/packages/hcr5_description)
[0.718s] INFO:colcon.colcon_ros.task.ament_cmake.build:Building ROS package in '/home/forsaken/Documents/hanwha_hcr5/hanwha_hcr5/src/hcr5_moveit_config' with build type 'ament_cmake'
[0.719s] INFO:colcon.colcon_cmake.task.cmake.build:Building CMake package in '/home/forsaken/Documents/hanwha_hcr5/hanwha_hcr5/src/hcr5_moveit_config'
[0.719s] INFO:colcon.colcon_core.shell:Skip shell extension 'powershell' for command environment: Not usable outside of PowerShell
[0.719s] DEBUG:colcon.colcon_core.shell:Skip shell extension 'dsv' for command environment
[0.725s] DEBUG:colcon.colcon_core.event_handler.log_command:Invoking command in '/home/forsaken/Documents/hanwha_hcr5/hanwha_hcr5/build/hcr5_moveit_config': AMENT_PREFIX_PATH=/home/forsaken/Documents/hanwha_hcr5/hanwha_hcr5/install/hcr5_description:${AMENT_PREFIX_PATH} CMAKE_PREFIX_PATH=/opt/ros/humble PYTHONPATH=/home/forsaken/Documents/hanwha_hcr5/hanwha_hcr5/build/hcr5_description:/home/forsaken/Documents/hanwha_hcr5/hanwha_hcr5/install/hcr5_description/lib/python3.10/site-packages:${PYTHONPATH} /usr/bin/cmake /home/forsaken/Documents/hanwha_hcr5/hanwha_hcr5/src/hcr5_moveit_config -DAMENT_CMAKE_SYMLINK_INSTALL=1 -DCMAKE_INSTALL_PREFIX=/home/forsaken/Documents/hanwha_hcr5/hanwha_hcr5/install/hcr5_moveit_config
[1.121s] DEBUG:colcon.colcon_core.event_handler.log_command:Invoked command in '/home/forsaken/Documents/hanwha_hcr5/hanwha_hcr5/build/hcr5_moveit_config' returned '0': AMENT_PREFIX_PATH=/home/forsaken/Documents/hanwha_hcr5/hanwha_hcr5/install/hcr5_description:${AMENT_PREFIX_PATH} CMAKE_PREFIX_PATH=/opt/ros/humble PYTHONPATH=/home/forsaken/Documents/hanwha_hcr5/hanwha_hcr5/build/hcr5_description:/home/forsaken/Documents/hanwha_hcr5/hanwha_hcr5/install/hcr5_description/lib/python3.10/site-packages:${PYTHONPATH} /usr/bin/cmake /home/forsaken/Documents/hanwha_hcr5/hanwha_hcr5/src/hcr5_moveit_config -DAMENT_CMAKE_SYMLINK_INSTALL=1 -DCMAKE_INSTALL_PREFIX=/home/forsaken/Documents/hanwha_hcr5/hanwha_hcr5/install/hcr5_moveit_config
[1.122s] DEBUG:colcon.colcon_core.event_handler.log_command:Invoking command in '/home/forsaken/Documents/hanwha_hcr5/hanwha_hcr5/build/hcr5_moveit_config': AMENT_PREFIX_PATH=/home/forsaken/Documents/hanwha_hcr5/hanwha_hcr5/install/hcr5_description:${AMENT_PREFIX_PATH} CMAKE_PREFIX_PATH=/opt/ros/humble PYTHONPATH=/home/forsaken/Documents/hanwha_hcr5/hanwha_hcr5/build/hcr5_description:/home/forsaken/Documents/hanwha_hcr5/hanwha_hcr5/install/hcr5_description/lib/python3.10/site-packages:${PYTHONPATH} /usr/bin/cmake --build /home/forsaken/Documents/hanwha_hcr5/hanwha_hcr5/build/hcr5_moveit_config -- -j24 -l24
[1.150s] DEBUG:colcon.colcon_core.event_handler.log_command:Invoked command in '/home/forsaken/Documents/hanwha_hcr5/hanwha_hcr5/build/hcr5_moveit_config' returned '0': AMENT_PREFIX_PATH=/home/forsaken/Documents/hanwha_hcr5/hanwha_hcr5/install/hcr5_description:${AMENT_PREFIX_PATH} CMAKE_PREFIX_PATH=/opt/ros/humble PYTHONPATH=/home/forsaken/Documents/hanwha_hcr5/hanwha_hcr5/build/hcr5_description:/home/forsaken/Documents/hanwha_hcr5/hanwha_hcr5/install/hcr5_description/lib/python3.10/site-packages:${PYTHONPATH} /usr/bin/cmake --build /home/forsaken/Documents/hanwha_hcr5/hanwha_hcr5/build/hcr5_moveit_config -- -j24 -l24
[1.158s] DEBUG:colcon.colcon_core.event_handler.log_command:Invoking command in '/home/forsaken/Documents/hanwha_hcr5/hanwha_hcr5/build/hcr5_moveit_config': AMENT_PREFIX_PATH=/home/forsaken/Documents/hanwha_hcr5/hanwha_hcr5/install/hcr5_description:${AMENT_PREFIX_PATH} CMAKE_PREFIX_PATH=/opt/ros/humble PYTHONPATH=/home/forsaken/Documents/hanwha_hcr5/hanwha_hcr5/build/hcr5_description:/home/forsaken/Documents/hanwha_hcr5/hanwha_hcr5/install/hcr5_description/lib/python3.10/site-packages:${PYTHONPATH} /usr/bin/cmake --install /home/forsaken/Documents/hanwha_hcr5/hanwha_hcr5/build/hcr5_moveit_config
[1.365s] Level 1:colcon.colcon_core.environment:create_environment_scripts_only(hcr5_moveit_config)
[1.365s] Level 1:colcon.colcon_core.environment:checking '/home/forsaken/Documents/hanwha_hcr5/hanwha_hcr5/install/hcr5_moveit_config' for CMake module files
[1.366s] DEBUG:colcon.colcon_core.event_handler.log_command:Invoked command in '/home/forsaken/Documents/hanwha_hcr5/hanwha_hcr5/build/hcr5_moveit_config' returned '0': AMENT_PREFIX_PATH=/home/forsaken/Documents/hanwha_hcr5/hanwha_hcr5/install/hcr5_description:${AMENT_PREFIX_PATH} CMAKE_PREFIX_PATH=/opt/ros/humble PYTHONPATH=/home/forsaken/Documents/hanwha_hcr5/hanwha_hcr5/build/hcr5_description:/home/forsaken/Documents/hanwha_hcr5/hanwha_hcr5/install/hcr5_description/lib/python3.10/site-packages:${PYTHONPATH} /usr/bin/cmake --install /home/forsaken/Documents/hanwha_hcr5/hanwha_hcr5/build/hcr5_moveit_config
[1.366s] Level 1:colcon.colcon_core.environment:checking '/home/forsaken/Documents/hanwha_hcr5/hanwha_hcr5/install/hcr5_moveit_config' for CMake config files
[1.367s] Level 1:colcon.colcon_core.shell:create_environment_hook('hcr5_moveit_config', 'cmake_prefix_path')
[1.367s] INFO:colcon.colcon_core.shell:Creating environment hook '/home/forsaken/Documents/hanwha_hcr5/hanwha_hcr5/install/hcr5_moveit_config/share/hcr5_moveit_config/hook/cmake_prefix_path.ps1'
[1.367s] INFO:colcon.colcon_core.shell:Creating environment descriptor '/home/forsaken/Documents/hanwha_hcr5/hanwha_hcr5/install/hcr5_moveit_config/share/hcr5_moveit_config/hook/cmake_prefix_path.dsv'
[1.368s] INFO:colcon.colcon_core.shell:Creating environment hook '/home/forsaken/Documents/hanwha_hcr5/hanwha_hcr5/install/hcr5_moveit_config/share/hcr5_moveit_config/hook/cmake_prefix_path.sh'
[1.368s] Level 1:colcon.colcon_core.environment:checking '/home/forsaken/Documents/hanwha_hcr5/hanwha_hcr5/install/hcr5_moveit_config/bin'
[1.368s] Level 1:colcon.colcon_core.environment:checking '/home/forsaken/Documents/hanwha_hcr5/hanwha_hcr5/install/hcr5_moveit_config/lib/pkgconfig/hcr5_moveit_config.pc'
[1.368s] Level 1:colcon.colcon_core.environment:checking '/home/forsaken/Documents/hanwha_hcr5/hanwha_hcr5/install/hcr5_moveit_config/lib/python3.10/site-packages'
[1.368s] Level 1:colcon.colcon_core.environment:checking '/home/forsaken/Documents/hanwha_hcr5/hanwha_hcr5/install/hcr5_moveit_config/bin'
[1.369s] INFO:colcon.colcon_core.shell:Creating package script '/home/forsaken/Documents/hanwha_hcr5/hanwha_hcr5/install/hcr5_moveit_config/share/hcr5_moveit_config/package.ps1'
[1.369s] INFO:colcon.colcon_core.shell:Creating package descriptor '/home/forsaken/Documents/hanwha_hcr5/hanwha_hcr5/install/hcr5_moveit_config/share/hcr5_moveit_config/package.dsv'
[1.369s] INFO:colcon.colcon_core.shell:Creating package script '/home/forsaken/Documents/hanwha_hcr5/hanwha_hcr5/install/hcr5_moveit_config/share/hcr5_moveit_config/package.sh'
[1.369s] INFO:colcon.colcon_core.shell:Creating package script '/home/forsaken/Documents/hanwha_hcr5/hanwha_hcr5/install/hcr5_moveit_config/share/hcr5_moveit_config/package.bash'
[1.369s] INFO:colcon.colcon_core.shell:Creating package script '/home/forsaken/Documents/hanwha_hcr5/hanwha_hcr5/install/hcr5_moveit_config/share/hcr5_moveit_config/package.zsh'
[1.370s] Level 1:colcon.colcon_core.environment:create_file_with_runtime_dependencies(/home/forsaken/Documents/hanwha_hcr5/hanwha_hcr5/install/hcr5_moveit_config/share/colcon-core/packages/hcr5_moveit_config)
[1.370s] Level 1:colcon.colcon_core.environment:create_environment_scripts_only(hcr5_moveit_config)
[1.370s] Level 1:colcon.colcon_core.environment:checking '/home/forsaken/Documents/hanwha_hcr5/hanwha_hcr5/install/hcr5_moveit_config' for CMake module files
[1.370s] Level 1:colcon.colcon_core.environment:checking '/home/forsaken/Documents/hanwha_hcr5/hanwha_hcr5/install/hcr5_moveit_config' for CMake config files
[1.370s] Level 1:colcon.colcon_core.shell:create_environment_hook('hcr5_moveit_config', 'cmake_prefix_path')
[1.370s] INFO:colcon.colcon_core.shell:Creating environment hook '/home/forsaken/Documents/hanwha_hcr5/hanwha_hcr5/install/hcr5_moveit_config/share/hcr5_moveit_config/hook/cmake_prefix_path.ps1'
[1.371s] INFO:colcon.colcon_core.shell:Creating environment descriptor '/home/forsaken/Documents/hanwha_hcr5/hanwha_hcr5/install/hcr5_moveit_config/share/hcr5_moveit_config/hook/cmake_prefix_path.dsv'
[1.371s] INFO:colcon.colcon_core.shell:Creating environment hook '/home/forsaken/Documents/hanwha_hcr5/hanwha_hcr5/install/hcr5_moveit_config/share/hcr5_moveit_config/hook/cmake_prefix_path.sh'
[1.371s] Level 1:colcon.colcon_core.environment:checking '/home/forsaken/Documents/hanwha_hcr5/hanwha_hcr5/install/hcr5_moveit_config/bin'
[1.371s] Level 1:colcon.colcon_core.environment:checking '/home/forsaken/Documents/hanwha_hcr5/hanwha_hcr5/install/hcr5_moveit_config/lib/pkgconfig/hcr5_moveit_config.pc'
[1.371s] Level 1:colcon.colcon_core.environment:checking '/home/forsaken/Documents/hanwha_hcr5/hanwha_hcr5/install/hcr5_moveit_config/lib/python3.10/site-packages'
[1.371s] Level 1:colcon.colcon_core.environment:checking '/home/forsaken/Documents/hanwha_hcr5/hanwha_hcr5/install/hcr5_moveit_config/bin'
[1.371s] INFO:colcon.colcon_core.shell:Creating package script '/home/forsaken/Documents/hanwha_hcr5/hanwha_hcr5/install/hcr5_moveit_config/share/hcr5_moveit_config/package.ps1'
[1.372s] INFO:colcon.colcon_core.shell:Creating package descriptor '/home/forsaken/Documents/hanwha_hcr5/hanwha_hcr5/install/hcr5_moveit_config/share/hcr5_moveit_config/package.dsv'
[1.372s] INFO:colcon.colcon_core.shell:Creating package script '/home/forsaken/Documents/hanwha_hcr5/hanwha_hcr5/install/hcr5_moveit_config/share/hcr5_moveit_config/package.sh'
[1.372s] INFO:colcon.colcon_core.shell:Creating package script '/home/forsaken/Documents/hanwha_hcr5/hanwha_hcr5/install/hcr5_moveit_config/share/hcr5_moveit_config/package.bash'
[1.372s] INFO:colcon.colcon_core.shell:Creating package script '/home/forsaken/Documents/hanwha_hcr5/hanwha_hcr5/install/hcr5_moveit_config/share/hcr5_moveit_config/package.zsh'
[1.372s] Level 1:colcon.colcon_core.environment:create_file_with_runtime_dependencies(/home/forsaken/Documents/hanwha_hcr5/hanwha_hcr5/install/hcr5_moveit_config/share/colcon-core/packages/hcr5_moveit_config)
[1.373s] DEBUG:colcon.colcon_parallel_executor.executor.parallel:closing loop
[1.373s] DEBUG:colcon.colcon_parallel_executor.executor.parallel:loop closed
[1.373s] DEBUG:colcon.colcon_parallel_executor.executor.parallel:run_until_complete finished with '0'
[1.373s] DEBUG:colcon.colcon_core.event_reactor:joining thread
[1.376s] INFO:colcon.colcon_core.plugin_system:Skipping extension 'colcon_notification.desktop_notification.terminal_notifier': Not used on non-Darwin systems
[1.376s] INFO:colcon.colcon_core.plugin_system:Skipping extension 'colcon_notification.desktop_notification.win32': Not used on non-Windows systems
[1.377s] INFO:colcon.colcon_notification.desktop_notification:Sending desktop notification using 'notify2'
[1.382s] DEBUG:colcon.colcon_core.event_reactor:joined thread
[1.382s] INFO:colcon.colcon_core.shell:Creating prefix script '/home/forsaken/Documents/hanwha_hcr5/hanwha_hcr5/install/local_setup.ps1'
[1.383s] INFO:colcon.colcon_core.shell:Creating prefix util module '/home/forsaken/Documents/hanwha_hcr5/hanwha_hcr5/install/_local_setup_util_ps1.py'
[1.383s] INFO:colcon.colcon_core.shell:Creating prefix chain script '/home/forsaken/Documents/hanwha_hcr5/hanwha_hcr5/install/setup.ps1'
[1.384s] INFO:colcon.colcon_core.shell:Creating prefix script '/home/forsaken/Documents/hanwha_hcr5/hanwha_hcr5/install/local_setup.sh'
[1.384s] INFO:colcon.colcon_core.shell:Creating prefix util module '/home/forsaken/Documents/hanwha_hcr5/hanwha_hcr5/install/_local_setup_util_sh.py'
[1.384s] INFO:colcon.colcon_core.shell:Creating prefix chain script '/home/forsaken/Documents/hanwha_hcr5/hanwha_hcr5/install/setup.sh'
[1.385s] INFO:colcon.colcon_core.shell:Creating prefix script '/home/forsaken/Documents/hanwha_hcr5/hanwha_hcr5/install/local_setup.bash'
[1.385s] INFO:colcon.colcon_core.shell:Creating prefix chain script '/home/forsaken/Documents/hanwha_hcr5/hanwha_hcr5/install/setup.bash'
[1.386s] INFO:colcon.colcon_core.shell:Creating prefix script '/home/forsaken/Documents/hanwha_hcr5/hanwha_hcr5/install/local_setup.zsh'
[1.386s] INFO:colcon.colcon_core.shell:Creating prefix chain script '/home/forsaken/Documents/hanwha_hcr5/hanwha_hcr5/install/setup.zsh'
