[0.006s] Invoking command in '/home/forsaken/Documents/hanwha_hcr5/build/hcr5_moveit_config': AMENT_PREFIX_PATH=/home/forsaken/Documents/hanwha_hcr5/install/hcr5_description:/home/forsaken/Documents/hanwha_hcr5/install/hcr5_moveit_config:/opt/ros/humble CMAKE_PREFIX_PATH=${CMAKE_PREFIX_PATH}:/home/forsaken/Documents/hanwha_hcr5/install/hcr5_description:/opt/ros/humble PYTHONPATH=/home/forsaken/Documents/hanwha_hcr5/build/hcr5_description:${PYTHONPATH} /usr/bin/cmake /home/forsaken/Documents/hanwha_hcr5/src/hcr5_moveit_config -DAMENT_CMAKE_SYMLINK_INSTALL=1 -DCMAKE_INSTALL_PREFIX=/home/forsaken/Documents/hanwha_hcr5/install/hcr5_moveit_config
[0.068s] -- The C compiler identification is GNU 11.4.0
[0.119s] -- The CXX compiler identification is GNU 11.4.0
[0.124s] -- Detecting C compiler ABI info
[0.170s] -- Detecting C compiler ABI info - done
[0.175s] -- Check for working C compiler: /usr/bin/cc - skipped
[0.175s] -- Detecting C compile features
[0.175s] -- Detecting C compile features - done
[0.177s] -- Detecting CXX compiler ABI info
[0.232s] -- Detecting CXX compiler ABI info - done
[0.236s] -- Check for working CXX compiler: /usr/bin/c++ - skipped
[0.236s] -- Detecting CXX compile features
[0.236s] -- Detecting CXX compile features - done
[0.239s] -- Found ament_cmake: 1.3.12 (/opt/ros/humble/share/ament_cmake/cmake)
[0.331s] -- Found Python3: /usr/bin/python3 (found version "3.10.12") found components: Interpreter 
[0.369s] -- Override CMake install command with custom implementation using symlinks instead of copying resources
[0.445s] -- Configuring done
[0.446s] -- Generating done
[0.447s] -- Build files have been written to: /home/forsaken/Documents/hanwha_hcr5/build/hcr5_moveit_config
[0.450s] Invoked command in '/home/forsaken/Documents/hanwha_hcr5/build/hcr5_moveit_config' returned '0': AMENT_PREFIX_PATH=/home/forsaken/Documents/hanwha_hcr5/install/hcr5_description:/home/forsaken/Documents/hanwha_hcr5/install/hcr5_moveit_config:/opt/ros/humble CMAKE_PREFIX_PATH=${CMAKE_PREFIX_PATH}:/home/forsaken/Documents/hanwha_hcr5/install/hcr5_description:/opt/ros/humble PYTHONPATH=/home/forsaken/Documents/hanwha_hcr5/build/hcr5_description:${PYTHONPATH} /usr/bin/cmake /home/forsaken/Documents/hanwha_hcr5/src/hcr5_moveit_config -DAMENT_CMAKE_SYMLINK_INSTALL=1 -DCMAKE_INSTALL_PREFIX=/home/forsaken/Documents/hanwha_hcr5/install/hcr5_moveit_config
[0.451s] Invoking command in '/home/forsaken/Documents/hanwha_hcr5/build/hcr5_moveit_config': AMENT_PREFIX_PATH=/home/forsaken/Documents/hanwha_hcr5/install/hcr5_description:/home/forsaken/Documents/hanwha_hcr5/install/hcr5_moveit_config:/opt/ros/humble CMAKE_PREFIX_PATH=${CMAKE_PREFIX_PATH}:/home/forsaken/Documents/hanwha_hcr5/install/hcr5_description:/opt/ros/humble PYTHONPATH=/home/forsaken/Documents/hanwha_hcr5/build/hcr5_description:${PYTHONPATH} /usr/bin/cmake --build /home/forsaken/Documents/hanwha_hcr5/build/hcr5_moveit_config -- -j24 -l24
[0.473s] Invoked command in '/home/forsaken/Documents/hanwha_hcr5/build/hcr5_moveit_config' returned '0': AMENT_PREFIX_PATH=/home/forsaken/Documents/hanwha_hcr5/install/hcr5_description:/home/forsaken/Documents/hanwha_hcr5/install/hcr5_moveit_config:/opt/ros/humble CMAKE_PREFIX_PATH=${CMAKE_PREFIX_PATH}:/home/forsaken/Documents/hanwha_hcr5/install/hcr5_description:/opt/ros/humble PYTHONPATH=/home/forsaken/Documents/hanwha_hcr5/build/hcr5_description:${PYTHONPATH} /usr/bin/cmake --build /home/forsaken/Documents/hanwha_hcr5/build/hcr5_moveit_config -- -j24 -l24
[0.479s] Invoking command in '/home/forsaken/Documents/hanwha_hcr5/build/hcr5_moveit_config': AMENT_PREFIX_PATH=/home/forsaken/Documents/hanwha_hcr5/install/hcr5_description:/home/forsaken/Documents/hanwha_hcr5/install/hcr5_moveit_config:/opt/ros/humble CMAKE_PREFIX_PATH=${CMAKE_PREFIX_PATH}:/home/forsaken/Documents/hanwha_hcr5/install/hcr5_description:/opt/ros/humble PYTHONPATH=/home/forsaken/Documents/hanwha_hcr5/build/hcr5_description:${PYTHONPATH} /usr/bin/cmake --install /home/forsaken/Documents/hanwha_hcr5/build/hcr5_moveit_config
[0.483s] -- Install configuration: ""
[0.483s] -- Execute custom install script
[0.483s] -- Symlinking: /home/forsaken/Documents/hanwha_hcr5/install/hcr5_moveit_config/share/ament_index/resource_index/package_run_dependencies/hcr5_moveit_config
[0.490s] -- Symlinking: /home/forsaken/Documents/hanwha_hcr5/install/hcr5_moveit_config/share/ament_index/resource_index/parent_prefix_path/hcr5_moveit_config
[0.495s] -- Symlinking: /home/forsaken/Documents/hanwha_hcr5/install/hcr5_moveit_config/share/hcr5_moveit_config/environment/ament_prefix_path.sh
[0.499s] -- Symlinking: /home/forsaken/Documents/hanwha_hcr5/install/hcr5_moveit_config/share/hcr5_moveit_config/environment/ament_prefix_path.dsv
[0.505s] -- Symlinking: /home/forsaken/Documents/hanwha_hcr5/install/hcr5_moveit_config/share/hcr5_moveit_config/environment/path.sh
[0.509s] -- Symlinking: /home/forsaken/Documents/hanwha_hcr5/install/hcr5_moveit_config/share/hcr5_moveit_config/environment/path.dsv
[0.514s] -- Symlinking: /home/forsaken/Documents/hanwha_hcr5/install/hcr5_moveit_config/share/hcr5_moveit_config/local_setup.bash
[0.518s] -- Symlinking: /home/forsaken/Documents/hanwha_hcr5/install/hcr5_moveit_config/share/hcr5_moveit_config/local_setup.sh
[0.523s] -- Symlinking: /home/forsaken/Documents/hanwha_hcr5/install/hcr5_moveit_config/share/hcr5_moveit_config/local_setup.zsh
[0.528s] -- Symlinking: /home/forsaken/Documents/hanwha_hcr5/install/hcr5_moveit_config/share/hcr5_moveit_config/local_setup.dsv
[0.532s] -- Symlinking: /home/forsaken/Documents/hanwha_hcr5/install/hcr5_moveit_config/share/hcr5_moveit_config/package.dsv
[0.538s] -- Symlinking: /home/forsaken/Documents/hanwha_hcr5/install/hcr5_moveit_config/share/ament_index/resource_index/packages/hcr5_moveit_config
[0.542s] -- Symlinking: /home/forsaken/Documents/hanwha_hcr5/install/hcr5_moveit_config/share/hcr5_moveit_config/cmake/hcr5_moveit_configConfig.cmake
[0.547s] -- Symlinking: /home/forsaken/Documents/hanwha_hcr5/install/hcr5_moveit_config/share/hcr5_moveit_config/cmake/hcr5_moveit_configConfig-version.cmake
[0.552s] -- Symlinking: /home/forsaken/Documents/hanwha_hcr5/install/hcr5_moveit_config/share/hcr5_moveit_config/package.xml
[0.557s] -- Symlinking: /home/forsaken/Documents/hanwha_hcr5/install/hcr5_moveit_config/share/hcr5_moveit_config/launch/demo.launch.py
[0.562s] -- Symlinking: /home/forsaken/Documents/hanwha_hcr5/install/hcr5_moveit_config/share/hcr5_moveit_config/launch/hcr5_full_sim.launch.py
[0.566s] -- Symlinking: /home/forsaken/Documents/hanwha_hcr5/install/hcr5_moveit_config/share/hcr5_moveit_config/launch/lauch_hcr5.lauch.py
[0.571s] -- Symlinking: /home/forsaken/Documents/hanwha_hcr5/install/hcr5_moveit_config/share/hcr5_moveit_config/launch/move_group.launch.py
[0.575s] -- Symlinking: /home/forsaken/Documents/hanwha_hcr5/install/hcr5_moveit_config/share/hcr5_moveit_config/launch/moveit_rviz.launch.py
[0.579s] -- Symlinking: /home/forsaken/Documents/hanwha_hcr5/install/hcr5_moveit_config/share/hcr5_moveit_config/launch/rsp.launch.py
[0.583s] -- Symlinking: /home/forsaken/Documents/hanwha_hcr5/install/hcr5_moveit_config/share/hcr5_moveit_config/launch/setup_assistant.launch.py
[0.589s] -- Symlinking: /home/forsaken/Documents/hanwha_hcr5/install/hcr5_moveit_config/share/hcr5_moveit_config/launch/spawn_controllers.launch.py
[0.594s] -- Symlinking: /home/forsaken/Documents/hanwha_hcr5/install/hcr5_moveit_config/share/hcr5_moveit_config/launch/static_virtual_joint_tfs.launch.py
[0.600s] -- Symlinking: /home/forsaken/Documents/hanwha_hcr5/install/hcr5_moveit_config/share/hcr5_moveit_config/launch/warehouse_db.launch.py
[0.604s] -- Symlinking: /home/forsaken/Documents/hanwha_hcr5/install/hcr5_moveit_config/share/hcr5_moveit_config/config/hcr5.ros2_control.xacro
[0.609s] -- Symlinking: /home/forsaken/Documents/hanwha_hcr5/install/hcr5_moveit_config/share/hcr5_moveit_config/config/hcr5.srdf
[0.614s] -- Symlinking: /home/forsaken/Documents/hanwha_hcr5/install/hcr5_moveit_config/share/hcr5_moveit_config/config/hcr5.urdf.xacro
[0.618s] -- Symlinking: /home/forsaken/Documents/hanwha_hcr5/install/hcr5_moveit_config/share/hcr5_moveit_config/config/initial_positions.yaml
[0.624s] -- Symlinking: /home/forsaken/Documents/hanwha_hcr5/install/hcr5_moveit_config/share/hcr5_moveit_config/config/joint_limits.yaml
[0.630s] -- Symlinking: /home/forsaken/Documents/hanwha_hcr5/install/hcr5_moveit_config/share/hcr5_moveit_config/config/kinematics.yaml
[0.636s] -- Symlinking: /home/forsaken/Documents/hanwha_hcr5/install/hcr5_moveit_config/share/hcr5_moveit_config/config/moveit.rviz
[0.640s] -- Symlinking: /home/forsaken/Documents/hanwha_hcr5/install/hcr5_moveit_config/share/hcr5_moveit_config/config/moveit_controllers.yaml
[0.645s] -- Symlinking: /home/forsaken/Documents/hanwha_hcr5/install/hcr5_moveit_config/share/hcr5_moveit_config/config/pilz_cartesian_limits.yaml
[0.649s] -- Symlinking: /home/forsaken/Documents/hanwha_hcr5/install/hcr5_moveit_config/share/hcr5_moveit_config/config/ros2_controllers.yaml
[0.654s] -- Symlinking: /home/forsaken/Documents/hanwha_hcr5/install/hcr5_moveit_config/share/hcr5_moveit_config/.setup_assistant
[0.660s] Invoked command in '/home/forsaken/Documents/hanwha_hcr5/build/hcr5_moveit_config' returned '0': AMENT_PREFIX_PATH=/home/forsaken/Documents/hanwha_hcr5/install/hcr5_description:/home/forsaken/Documents/hanwha_hcr5/install/hcr5_moveit_config:/opt/ros/humble CMAKE_PREFIX_PATH=${CMAKE_PREFIX_PATH}:/home/forsaken/Documents/hanwha_hcr5/install/hcr5_description:/opt/ros/humble PYTHONPATH=/home/forsaken/Documents/hanwha_hcr5/build/hcr5_description:${PYTHONPATH} /usr/bin/cmake --install /home/forsaken/Documents/hanwha_hcr5/build/hcr5_moveit_config
