[0.729s] Invoking command in '/home/forsaken/Documents/hanwha_hcr5/hanwha_hcr5/src/hcr5_description': PYTHONPATH=/home/forsaken/Documents/hanwha_hcr5/hanwha_hcr5/build/hcr5_description/prefix_override:/usr/lib/python3/dist-packages/colcon_core/task/python/colcon_distutils_commands:/home/forsaken/Documents/hanwha_hcr5/hanwha_hcr5/install/hcr5_description/lib/python3.10/site-packages:${PYTHONPATH} /usr/bin/python3 -W ignore:setup.py install is deprecated -W ignore:easy_install command is deprecated setup.py egg_info --egg-base ../../build/hcr5_description build --build-base /home/forsaken/Documents/hanwha_hcr5/hanwha_hcr5/build/hcr5_description/build install --record /home/forsaken/Documents/hanwha_hcr5/hanwha_hcr5/build/hcr5_description/install.log --single-version-externally-managed install_data
[1.001s] running egg_info
[1.002s] writing ../../build/hcr5_description/hcr5_description.egg-info/PKG-INFO
[1.002s] writing dependency_links to ../../build/hcr5_description/hcr5_description.egg-info/dependency_links.txt
[1.003s] writing entry points to ../../build/hcr5_description/hcr5_description.egg-info/entry_points.txt
[1.003s] writing requirements to ../../build/hcr5_description/hcr5_description.egg-info/requires.txt
[1.004s] writing top-level names to ../../build/hcr5_description/hcr5_description.egg-info/top_level.txt
[1.005s] reading manifest file '../../build/hcr5_description/hcr5_description.egg-info/SOURCES.txt'
[1.011s] writing manifest file '../../build/hcr5_description/hcr5_description.egg-info/SOURCES.txt'
[1.011s] running build
[1.011s] running build_py
[1.012s] running install
[1.012s] running install_lib
[1.012s] running install_data
[1.013s] running install_egg_info
[1.015s] removing '/home/forsaken/Documents/hanwha_hcr5/hanwha_hcr5/install/hcr5_description/lib/python3.10/site-packages/hcr5_description-0.0.0-py3.10.egg-info' (and everything under it)
[1.015s] Copying ../../build/hcr5_description/hcr5_description.egg-info to /home/forsaken/Documents/hanwha_hcr5/hanwha_hcr5/install/hcr5_description/lib/python3.10/site-packages/hcr5_description-0.0.0-py3.10.egg-info
[1.016s] running install_scripts
[1.040s] writing list of installed files to '/home/forsaken/Documents/hanwha_hcr5/hanwha_hcr5/build/hcr5_description/install.log'
[1.067s] Invoked command in '/home/forsaken/Documents/hanwha_hcr5/hanwha_hcr5/src/hcr5_description' returned '0': PYTHONPATH=/home/forsaken/Documents/hanwha_hcr5/hanwha_hcr5/build/hcr5_description/prefix_override:/usr/lib/python3/dist-packages/colcon_core/task/python/colcon_distutils_commands:/home/forsaken/Documents/hanwha_hcr5/hanwha_hcr5/install/hcr5_description/lib/python3.10/site-packages:${PYTHONPATH} /usr/bin/python3 -W ignore:setup.py install is deprecated -W ignore:easy_install command is deprecated setup.py egg_info --egg-base ../../build/hcr5_description build --build-base /home/forsaken/Documents/hanwha_hcr5/hanwha_hcr5/build/hcr5_description/build install --record /home/forsaken/Documents/hanwha_hcr5/hanwha_hcr5/build/hcr5_description/install.log --single-version-externally-managed install_data
