running develop
Removing /home/forsaken/Documents/hanwha_hcr5/install/hcr5_description/lib/python3.10/site-packages/hcr5-description.egg-link (link to .)
running egg_info
writing ../../build/hcr5_description/hcr5_description.egg-info/PKG-INFO
writing dependency_links to ../../build/hcr5_description/hcr5_description.egg-info/dependency_links.txt
writing entry points to ../../build/hcr5_description/hcr5_description.egg-info/entry_points.txt
writing requirements to ../../build/hcr5_description/hcr5_description.egg-info/requires.txt
writing top-level names to ../../build/hcr5_description/hcr5_description.egg-info/top_level.txt
reading manifest file '../../build/hcr5_description/hcr5_description.egg-info/SOURCES.txt'
writing manifest file '../../build/hcr5_description/hcr5_description.egg-info/SOURCES.txt'
running build
running build_py
creating /home/forsaken/Documents/hanwha_hcr5/build/hcr5_description/build
creating /home/forsaken/Documents/hanwha_hcr5/build/hcr5_description/build/lib
creating /home/forsaken/Documents/hanwha_hcr5/build/hcr5_description/build/lib/hcr5_description
copying hcr5_description/__init__.py -> /home/forsaken/Documents/hanwha_hcr5/build/hcr5_description/build/lib/hcr5_description
running install
running install_lib
creating /home/forsaken/Documents/hanwha_hcr5/install/hcr5_description/lib/python3.10/site-packages/hcr5_description
copying /home/forsaken/Documents/hanwha_hcr5/build/hcr5_description/build/lib/hcr5_description/__init__.py -> /home/forsaken/Documents/hanwha_hcr5/install/hcr5_description/lib/python3.10/site-packages/hcr5_description
byte-compiling /home/forsaken/Documents/hanwha_hcr5/install/hcr5_description/lib/python3.10/site-packages/hcr5_description/__init__.py to __init__.cpython-310.pyc
running install_data
copying resource/hcr5_description -> /home/forsaken/Documents/hanwha_hcr5/install/hcr5_description/share/ament_index/resource_index/packages
copying package.xml -> /home/forsaken/Documents/hanwha_hcr5/install/hcr5_description/share/hcr5_description
copying launch/gazebo.launch.py -> /home/forsaken/Documents/hanwha_hcr5/install/hcr5_description/share/hcr5_description/launch
copying launch/real_robot_rviz.launch.py -> /home/forsaken/Documents/hanwha_hcr5/install/hcr5_description/share/hcr5_description/launch
copying launch/display.launch.py -> /home/forsaken/Documents/hanwha_hcr5/install/hcr5_description/share/hcr5_description/launch
copying urdf/hcr5.urdf -> /home/forsaken/Documents/hanwha_hcr5/install/hcr5_description/share/hcr5_description/urdf
copying urdf/vacuum_gripper.xacro -> /home/forsaken/Documents/hanwha_hcr5/install/hcr5_description/share/hcr5_description/urdf
copying urdf/materials.xacro -> /home/forsaken/Documents/hanwha_hcr5/install/hcr5_description/share/hcr5_description/urdf
copying urdf/hcr5.xacro -> /home/forsaken/Documents/hanwha_hcr5/install/hcr5_description/share/hcr5_description/urdf
copying urdf/hcr5.gazebo -> /home/forsaken/Documents/hanwha_hcr5/install/hcr5_description/share/hcr5_description/urdf
copying meshes/link4_1.stl -> /home/forsaken/Documents/hanwha_hcr5/install/hcr5_description/share/hcr5_description/meshes
copying meshes/link5_1.stl -> /home/forsaken/Documents/hanwha_hcr5/install/hcr5_description/share/hcr5_description/meshes
copying meshes/base_link.stl -> /home/forsaken/Documents/hanwha_hcr5/install/hcr5_description/share/hcr5_description/meshes
copying meshes/link2_1.stl -> /home/forsaken/Documents/hanwha_hcr5/install/hcr5_description/share/hcr5_description/meshes
copying meshes/link1_1.stl -> /home/forsaken/Documents/hanwha_hcr5/install/hcr5_description/share/hcr5_description/meshes
copying meshes/link3_1.stl -> /home/forsaken/Documents/hanwha_hcr5/install/hcr5_description/share/hcr5_description/meshes
copying meshes/link6_1.stl -> /home/forsaken/Documents/hanwha_hcr5/install/hcr5_description/share/hcr5_description/meshes
copying config/hcr5_controllers.yaml -> /home/forsaken/Documents/hanwha_hcr5/install/hcr5_description/share/hcr5_description/config
copying rviz/hcr5.rviz -> /home/forsaken/Documents/hanwha_hcr5/install/hcr5_description/share/hcr5_description/rviz
running install_egg_info
Copying ../../build/hcr5_description/hcr5_description.egg-info to /home/forsaken/Documents/hanwha_hcr5/install/hcr5_description/lib/python3.10/site-packages/hcr5_description-0.0.0-py3.10.egg-info
running install_scripts
writing list of installed files to '/home/forsaken/Documents/hanwha_hcr5/build/hcr5_description/install.log'
