[0.006s] Invoking command in '/home/forsaken/Documents/hanwha_hcr5/hanwha_hcr5/build/hcr5_moveit_config': AMENT_PREFIX_PATH=/home/forsaken/Documents/hanwha_hcr5/hanwha_hcr5/install/hcr5_description:${AMENT_PREFIX_PATH} CMAKE_PREFIX_PATH=/opt/ros/humble PYTHONPATH=/home/forsaken/Documents/hanwha_hcr5/hanwha_hcr5/build/hcr5_description:/home/forsaken/Documents/hanwha_hcr5/hanwha_hcr5/install/hcr5_description/lib/python3.10/site-packages:${PYTHONPATH} /usr/bin/cmake /home/forsaken/Documents/hanwha_hcr5/hanwha_hcr5/src/hcr5_moveit_config -DAMENT_CMAKE_SYMLINK_INSTALL=1 -DCMAKE_INSTALL_PREFIX=/home/forsaken/Documents/hanwha_hcr5/hanwha_hcr5/install/hcr5_moveit_config
[0.041s] -- The C compiler identification is GNU 11.4.0
[0.073s] -- The CXX compiler identification is GNU 11.4.0
[0.078s] -- Detecting C compiler ABI info
[0.124s] -- Detecting C compiler ABI info - done
[0.129s] -- Check for working C compiler: /usr/bin/cc - skipped
[0.129s] -- Detecting C compile features
[0.129s] -- Detecting C compile features - done
[0.131s] -- Detecting CXX compiler ABI info
[0.184s] -- Detecting CXX compiler ABI info - done
[0.188s] -- Check for working CXX compiler: /usr/bin/c++ - skipped
[0.189s] -- Detecting CXX compile features
[0.189s] -- Detecting CXX compile features - done
[0.190s] -- Found ament_cmake: 1.3.12 (/opt/ros/humble/share/ament_cmake/cmake)
[0.287s] -- Found Python3: /usr/bin/python3 (found version "3.10.12") found components: Interpreter 
[0.324s] -- Override CMake install command with custom implementation using symlinks instead of copying resources
[0.397s] -- Configuring done
[0.398s] -- Generating done
[0.399s] -- Build files have been written to: /home/forsaken/Documents/hanwha_hcr5/hanwha_hcr5/build/hcr5_moveit_config
[0.402s] Invoked command in '/home/forsaken/Documents/hanwha_hcr5/hanwha_hcr5/build/hcr5_moveit_config' returned '0': AMENT_PREFIX_PATH=/home/forsaken/Documents/hanwha_hcr5/hanwha_hcr5/install/hcr5_description:${AMENT_PREFIX_PATH} CMAKE_PREFIX_PATH=/opt/ros/humble PYTHONPATH=/home/forsaken/Documents/hanwha_hcr5/hanwha_hcr5/build/hcr5_description:/home/forsaken/Documents/hanwha_hcr5/hanwha_hcr5/install/hcr5_description/lib/python3.10/site-packages:${PYTHONPATH} /usr/bin/cmake /home/forsaken/Documents/hanwha_hcr5/hanwha_hcr5/src/hcr5_moveit_config -DAMENT_CMAKE_SYMLINK_INSTALL=1 -DCMAKE_INSTALL_PREFIX=/home/forsaken/Documents/hanwha_hcr5/hanwha_hcr5/install/hcr5_moveit_config
[0.403s] Invoking command in '/home/forsaken/Documents/hanwha_hcr5/hanwha_hcr5/build/hcr5_moveit_config': AMENT_PREFIX_PATH=/home/forsaken/Documents/hanwha_hcr5/hanwha_hcr5/install/hcr5_description:${AMENT_PREFIX_PATH} CMAKE_PREFIX_PATH=/opt/ros/humble PYTHONPATH=/home/forsaken/Documents/hanwha_hcr5/hanwha_hcr5/build/hcr5_description:/home/forsaken/Documents/hanwha_hcr5/hanwha_hcr5/install/hcr5_description/lib/python3.10/site-packages:${PYTHONPATH} /usr/bin/cmake --build /home/forsaken/Documents/hanwha_hcr5/hanwha_hcr5/build/hcr5_moveit_config -- -j24 -l24
[0.430s] Invoked command in '/home/forsaken/Documents/hanwha_hcr5/hanwha_hcr5/build/hcr5_moveit_config' returned '0': AMENT_PREFIX_PATH=/home/forsaken/Documents/hanwha_hcr5/hanwha_hcr5/install/hcr5_description:${AMENT_PREFIX_PATH} CMAKE_PREFIX_PATH=/opt/ros/humble PYTHONPATH=/home/forsaken/Documents/hanwha_hcr5/hanwha_hcr5/build/hcr5_description:/home/forsaken/Documents/hanwha_hcr5/hanwha_hcr5/install/hcr5_description/lib/python3.10/site-packages:${PYTHONPATH} /usr/bin/cmake --build /home/forsaken/Documents/hanwha_hcr5/hanwha_hcr5/build/hcr5_moveit_config -- -j24 -l24
[0.439s] Invoking command in '/home/forsaken/Documents/hanwha_hcr5/hanwha_hcr5/build/hcr5_moveit_config': AMENT_PREFIX_PATH=/home/forsaken/Documents/hanwha_hcr5/hanwha_hcr5/install/hcr5_description:${AMENT_PREFIX_PATH} CMAKE_PREFIX_PATH=/opt/ros/humble PYTHONPATH=/home/forsaken/Documents/hanwha_hcr5/hanwha_hcr5/build/hcr5_description:/home/forsaken/Documents/hanwha_hcr5/hanwha_hcr5/install/hcr5_description/lib/python3.10/site-packages:${PYTHONPATH} /usr/bin/cmake --install /home/forsaken/Documents/hanwha_hcr5/hanwha_hcr5/build/hcr5_moveit_config
[0.445s] -- Install configuration: ""
[0.445s] -- Execute custom install script
[0.445s] -- Symlinking: /home/forsaken/Documents/hanwha_hcr5/hanwha_hcr5/install/hcr5_moveit_config/share/ament_index/resource_index/package_run_dependencies/hcr5_moveit_config
[0.451s] -- Symlinking: /home/forsaken/Documents/hanwha_hcr5/hanwha_hcr5/install/hcr5_moveit_config/share/ament_index/resource_index/parent_prefix_path/hcr5_moveit_config
[0.455s] -- Symlinking: /home/forsaken/Documents/hanwha_hcr5/hanwha_hcr5/install/hcr5_moveit_config/share/hcr5_moveit_config/environment/ament_prefix_path.sh
[0.462s] -- Symlinking: /home/forsaken/Documents/hanwha_hcr5/hanwha_hcr5/install/hcr5_moveit_config/share/hcr5_moveit_config/environment/ament_prefix_path.dsv
[0.467s] -- Symlinking: /home/forsaken/Documents/hanwha_hcr5/hanwha_hcr5/install/hcr5_moveit_config/share/hcr5_moveit_config/environment/path.sh
[0.472s] -- Symlinking: /home/forsaken/Documents/hanwha_hcr5/hanwha_hcr5/install/hcr5_moveit_config/share/hcr5_moveit_config/environment/path.dsv
[0.479s] -- Symlinking: /home/forsaken/Documents/hanwha_hcr5/hanwha_hcr5/install/hcr5_moveit_config/share/hcr5_moveit_config/local_setup.bash
[0.484s] -- Symlinking: /home/forsaken/Documents/hanwha_hcr5/hanwha_hcr5/install/hcr5_moveit_config/share/hcr5_moveit_config/local_setup.sh
[0.490s] -- Symlinking: /home/forsaken/Documents/hanwha_hcr5/hanwha_hcr5/install/hcr5_moveit_config/share/hcr5_moveit_config/local_setup.zsh
[0.497s] -- Symlinking: /home/forsaken/Documents/hanwha_hcr5/hanwha_hcr5/install/hcr5_moveit_config/share/hcr5_moveit_config/local_setup.dsv
[0.503s] -- Symlinking: /home/forsaken/Documents/hanwha_hcr5/hanwha_hcr5/install/hcr5_moveit_config/share/hcr5_moveit_config/package.dsv
[0.508s] -- Symlinking: /home/forsaken/Documents/hanwha_hcr5/hanwha_hcr5/install/hcr5_moveit_config/share/ament_index/resource_index/packages/hcr5_moveit_config
[0.514s] -- Symlinking: /home/forsaken/Documents/hanwha_hcr5/hanwha_hcr5/install/hcr5_moveit_config/share/hcr5_moveit_config/cmake/hcr5_moveit_configConfig.cmake
[0.520s] -- Symlinking: /home/forsaken/Documents/hanwha_hcr5/hanwha_hcr5/install/hcr5_moveit_config/share/hcr5_moveit_config/cmake/hcr5_moveit_configConfig-version.cmake
[0.524s] -- Symlinking: /home/forsaken/Documents/hanwha_hcr5/hanwha_hcr5/install/hcr5_moveit_config/share/hcr5_moveit_config/package.xml
[0.530s] -- Symlinking: /home/forsaken/Documents/hanwha_hcr5/hanwha_hcr5/install/hcr5_moveit_config/share/hcr5_moveit_config/launch/demo.launch.py
[0.536s] -- Symlinking: /home/forsaken/Documents/hanwha_hcr5/hanwha_hcr5/install/hcr5_moveit_config/share/hcr5_moveit_config/launch/hcr5.launch.py
[0.541s] -- Symlinking: /home/forsaken/Documents/hanwha_hcr5/hanwha_hcr5/install/hcr5_moveit_config/share/hcr5_moveit_config/launch/hcr5_picker_motion.py
[0.546s] -- Symlinking: /home/forsaken/Documents/hanwha_hcr5/hanwha_hcr5/install/hcr5_moveit_config/share/hcr5_moveit_config/launch/move_group.launch.py
[0.552s] -- Symlinking: /home/forsaken/Documents/hanwha_hcr5/hanwha_hcr5/install/hcr5_moveit_config/share/hcr5_moveit_config/launch/moveit_rviz.launch.py
[0.558s] -- Symlinking: /home/forsaken/Documents/hanwha_hcr5/hanwha_hcr5/install/hcr5_moveit_config/share/hcr5_moveit_config/launch/rsp.launch.py
[0.563s] -- Symlinking: /home/forsaken/Documents/hanwha_hcr5/hanwha_hcr5/install/hcr5_moveit_config/share/hcr5_moveit_config/launch/setup_assistant.launch.py
[0.567s] -- Symlinking: /home/forsaken/Documents/hanwha_hcr5/hanwha_hcr5/install/hcr5_moveit_config/share/hcr5_moveit_config/launch/spawn_controllers.launch.py
[0.572s] -- Symlinking: /home/forsaken/Documents/hanwha_hcr5/hanwha_hcr5/install/hcr5_moveit_config/share/hcr5_moveit_config/launch/static_virtual_joint_tfs.launch.py
[0.578s] -- Symlinking: /home/forsaken/Documents/hanwha_hcr5/hanwha_hcr5/install/hcr5_moveit_config/share/hcr5_moveit_config/launch/table_calibration.npy
[0.584s] -- Symlinking: /home/forsaken/Documents/hanwha_hcr5/hanwha_hcr5/install/hcr5_moveit_config/share/hcr5_moveit_config/launch/warehouse_db.launch.py
[0.589s] -- Symlinking: /home/forsaken/Documents/hanwha_hcr5/hanwha_hcr5/install/hcr5_moveit_config/share/hcr5_moveit_config/config/hcr5.ros2_control.xacro
[0.595s] -- Symlinking: /home/forsaken/Documents/hanwha_hcr5/hanwha_hcr5/install/hcr5_moveit_config/share/hcr5_moveit_config/config/hcr5.srdf
[0.600s] -- Symlinking: /home/forsaken/Documents/hanwha_hcr5/hanwha_hcr5/install/hcr5_moveit_config/share/hcr5_moveit_config/config/hcr5.urdf.xacro
[0.605s] -- Symlinking: /home/forsaken/Documents/hanwha_hcr5/hanwha_hcr5/install/hcr5_moveit_config/share/hcr5_moveit_config/config/initial_positions.yaml
[0.610s] -- Symlinking: /home/forsaken/Documents/hanwha_hcr5/hanwha_hcr5/install/hcr5_moveit_config/share/hcr5_moveit_config/config/joint_limits.yaml
[0.615s] -- Symlinking: /home/forsaken/Documents/hanwha_hcr5/hanwha_hcr5/install/hcr5_moveit_config/share/hcr5_moveit_config/config/kinematics.yaml
[0.620s] -- Symlinking: /home/forsaken/Documents/hanwha_hcr5/hanwha_hcr5/install/hcr5_moveit_config/share/hcr5_moveit_config/config/moveit.rviz
[0.626s] -- Symlinking: /home/forsaken/Documents/hanwha_hcr5/hanwha_hcr5/install/hcr5_moveit_config/share/hcr5_moveit_config/config/moveit_controllers.yaml
[0.631s] -- Symlinking: /home/forsaken/Documents/hanwha_hcr5/hanwha_hcr5/install/hcr5_moveit_config/share/hcr5_moveit_config/config/pilz_cartesian_limits.yaml
[0.635s] -- Symlinking: /home/forsaken/Documents/hanwha_hcr5/hanwha_hcr5/install/hcr5_moveit_config/share/hcr5_moveit_config/config/ros2_controllers.yaml
[0.641s] -- Symlinking: /home/forsaken/Documents/hanwha_hcr5/hanwha_hcr5/install/hcr5_moveit_config/share/hcr5_moveit_config/.setup_assistant
[0.647s] Invoked command in '/home/forsaken/Documents/hanwha_hcr5/hanwha_hcr5/build/hcr5_moveit_config' returned '0': AMENT_PREFIX_PATH=/home/forsaken/Documents/hanwha_hcr5/hanwha_hcr5/install/hcr5_description:${AMENT_PREFIX_PATH} CMAKE_PREFIX_PATH=/opt/ros/humble PYTHONPATH=/home/forsaken/Documents/hanwha_hcr5/hanwha_hcr5/build/hcr5_description:/home/forsaken/Documents/hanwha_hcr5/hanwha_hcr5/install/hcr5_description/lib/python3.10/site-packages:${PYTHONPATH} /usr/bin/cmake --install /home/forsaken/Documents/hanwha_hcr5/hanwha_hcr5/build/hcr5_moveit_config
