[0.316s] Invoking command in '/home/forsaken/Documents/hanwha_hcr5/src/hcr5_description': PYTHONPATH=/home/forsaken/Documents/hanwha_hcr5/build/hcr5_description/prefix_override:/usr/lib/python3/dist-packages/colcon_core/task/python/colcon_distutils_commands:/home/forsaken/Documents/hanwha_hcr5/install/hcr5_description/lib/python3.10/site-packages:${PYTHONPATH} /usr/bin/python3 -W ignore:setup.py install is deprecated -W ignore:easy_install command is deprecated setup.py egg_info --egg-base ../../build/hcr5_description build --build-base /home/forsaken/Documents/hanwha_hcr5/build/hcr5_description/build install --record /home/forsaken/Documents/hanwha_hcr5/build/hcr5_description/install.log --single-version-externally-managed install_data
[0.434s] running egg_info
[0.434s] writing ../../build/hcr5_description/hcr5_description.egg-info/PKG-INFO
[0.434s] writing dependency_links to ../../build/hcr5_description/hcr5_description.egg-info/dependency_links.txt
[0.434s] writing entry points to ../../build/hcr5_description/hcr5_description.egg-info/entry_points.txt
[0.434s] writing requirements to ../../build/hcr5_description/hcr5_description.egg-info/requires.txt
[0.434s] writing top-level names to ../../build/hcr5_description/hcr5_description.egg-info/top_level.txt
[0.435s] reading manifest file '../../build/hcr5_description/hcr5_description.egg-info/SOURCES.txt'
[0.436s] writing manifest file '../../build/hcr5_description/hcr5_description.egg-info/SOURCES.txt'
[0.436s] running build
[0.436s] running build_py
[0.436s] running install
[0.436s] running install_lib
[0.437s] running install_data
[0.438s] copying models/purple_cube.sdf -> /home/forsaken/Documents/hanwha_hcr5/install/hcr5_description/share/hcr5_description/models
[0.438s] running install_egg_info
[0.440s] removing '/home/forsaken/Documents/hanwha_hcr5/install/hcr5_description/lib/python3.10/site-packages/hcr5_description-0.0.0-py3.10.egg-info' (and everything under it)
[0.440s] Copying ../../build/hcr5_description/hcr5_description.egg-info to /home/forsaken/Documents/hanwha_hcr5/install/hcr5_description/lib/python3.10/site-packages/hcr5_description-0.0.0-py3.10.egg-info
[0.441s] running install_scripts
[0.457s] writing list of installed files to '/home/forsaken/Documents/hanwha_hcr5/build/hcr5_description/install.log'
[0.471s] Invoked command in '/home/forsaken/Documents/hanwha_hcr5/src/hcr5_description' returned '0': PYTHONPATH=/home/forsaken/Documents/hanwha_hcr5/build/hcr5_description/prefix_override:/usr/lib/python3/dist-packages/colcon_core/task/python/colcon_distutils_commands:/home/forsaken/Documents/hanwha_hcr5/install/hcr5_description/lib/python3.10/site-packages:${PYTHONPATH} /usr/bin/python3 -W ignore:setup.py install is deprecated -W ignore:easy_install command is deprecated setup.py egg_info --egg-base ../../build/hcr5_description build --build-base /home/forsaken/Documents/hanwha_hcr5/build/hcr5_description/build install --record /home/forsaken/Documents/hanwha_hcr5/build/hcr5_description/install.log --single-version-externally-managed install_data
